FID3 inserted by Quad 100, is missing it's part number
M4 inserted by Quad 100, is missing it's part number
BAT1 inserted by Quad 100, is missing it's part number
R10 inserted by Quad 100, is missing it's part number
R9 inserted by Quad 100, is missing it's part number
TP14 inserted by Quad 100, is missing it's part number
Q1 inserted by Quad 100, is missing it's part number
U13 inserted by Quad 100, is missing it's part number
U16 inserted by Quad 100, is missing it's part number
R17 inserted by Quad 100, is missing it's part number
LED1 inserted by Quad 100, is missing it's part number
R27 inserted by Quad 100, is missing it's part number
U2 inserted by Quad 100, is missing it's part number
C33 inserted by Quad 100, is missing it's part number
Q2 inserted by Quad 100, is missing it's part number
R28 inserted by Quad 100, is missing it's part number
TP29 inserted by Quad 100, is missing it's part number
TP30 inserted by Quad 100, is missing it's part number
R1 inserted by Quad 100, is missing it's part number
R2 inserted by Quad 100, is missing it's part number
J68 inserted by Quad 100, is missing it's part number
U4 inserted by Quad 100, is missing it's part number
J61 inserted by Quad 100, is missing it's part number
TP24 inserted by Quad 100, is missing it's part number
C25 inserted by Quad 100, is missing it's part number
C22 inserted by Quad 100, is missing it's part number
C24 inserted by Quad 100, is missing it's part number
TP45 inserted by Quad 100, is missing it's part number
TP49 inserted by Quad 100, is missing it's part number
TP44 inserted by Quad 100, is missing it's part number
TP48 inserted by Quad 100, is missing it's part number
TP9 inserted by Quad 100, is missing it's part number
TP10 inserted by Quad 100, is missing it's part number
C1 inserted by Quad 100, is missing it's part number
TP51 inserted by Quad 100, is missing it's part number
TP50 inserted by Quad 100, is missing it's part number
C36 inserted by Quad 100, is missing it's part number
C37 inserted by Quad 100, is missing it's part number
R29 inserted by Quad 100, is missing it's part number
U12 inserted by Quad 100, is missing it's part number
R19 inserted by Quad 100, is missing it's part number
J66 inserted by Quad 100, is missing it's part number
J65 inserted by Quad 100, is missing it's part number
J67 inserted by Quad 100, is missing it's part number
R18 inserted by Quad 100, is missing it's part number
R3 inserted by Quad 100, is missing it's part number
U17 inserted by Quad 100, is missing it's part number
R30 inserted by Quad 100, is missing it's part number
R4 inserted by Quad 100, is missing it's part number
R5 inserted by Quad 100, is missing it's part number
R6 inserted by Quad 100, is missing it's part number
C30 inserted by Quad 100, is missing it's part number
TP58 inserted by Quad 100, is missing it's part number
TP7 inserted by Quad 100, is missing it's part number
C2 inserted by Quad 100, is missing it's part number
J22 inserted by Quad 100, is missing it's part number
J15 inserted by Quad 100, is missing it's part number
J25 inserted by Quad 100, is missing it's part number
J10 inserted by Quad 100, is missing it's part number
J24 inserted by Quad 100, is missing it's part number
J21 inserted by Quad 100, is missing it's part number
J5 inserted by Quad 100, is missing it's part number
J9 inserted by Quad 100, is missing it's part number
J20 inserted by Quad 100, is missing it's part number
C4 inserted by Quad 100, is missing it's part number
C7 inserted by Quad 100, is missing it's part number
TP13 inserted by Quad 100, is missing it's part number
TP15 inserted by Quad 100, is missing it's part number
TP19 inserted by Quad 100, is missing it's part number
C5 inserted by Quad 100, is missing it's part number
R12 inserted by Quad 100, is missing it's part number
J23 inserted by Quad 100, is missing it's part number
TP8 inserted by Quad 100, is missing it's part number
J76 inserted by Quad 100, is missing it's part number
TP59 inserted by Quad 100, is missing it's part number
U9 inserted by Quad 100, is missing it's part number
J75 inserted by Quad 100, is missing it's part number
TP61 inserted by Quad 100, is missing it's part number
TP60 inserted by Quad 100, is missing it's part number
C31 inserted by Quad 100, is missing it's part number
C32 inserted by Quad 100, is missing it's part number
J74 inserted by Quad 100, is missing it's part number
J77 inserted by Quad 100, is missing it's part number
J81 inserted by Quad 100, is missing it's part number
J78 inserted by Quad 100, is missing it's part number
J79 inserted by Quad 100, is missing it's part number
R11 inserted by Quad 100, is missing it's part number
J41 inserted by Quad 100, is missing it's part number
J42 inserted by Quad 100, is missing it's part number
U5 inserted by Quad 100, is missing it's part number
J82 inserted by Quad 100, is missing it's part number
J80 inserted by Quad 100, is missing it's part number
C16 inserted by Quad 100, is missing it's part number
J34 inserted by Quad 100, is missing it's part number
J29 inserted by Quad 100, is missing it's part number
J31 inserted by Quad 100, is missing it's part number
C19 inserted by Quad 100, is missing it's part number
J27 inserted by Quad 100, is missing it's part number
TP34 inserted by Quad 100, is missing it's part number
C20 inserted by Quad 100, is missing it's part number
C15 inserted by Quad 100, is missing it's part number
TP22 inserted by Quad 100, is missing it's part number
TP20 inserted by Quad 100, is missing it's part number
J36 inserted by Quad 100, is missing it's part number
J30 inserted by Quad 100, is missing it's part number
J33 inserted by Quad 100, is missing it's part number
J37 inserted by Quad 100, is missing it's part number
TP21 inserted by Quad 100, is missing it's part number
J83 inserted by Quad 100, is missing it's part number
U6 inserted by Quad 100, is missing it's part number
J84 inserted by Quad 100, is missing it's part number
C21 inserted by Quad 100, is missing it's part number
J43 inserted by Quad 100, is missing it's part number
J44 inserted by Quad 100, is missing it's part number
M1 inserted by Quad 100, is missing it's part number
FID1 inserted by Quad 100, is missing it's part number
U3 inserted by Quad 100, is missing it's part number
TP37 inserted by Quad 100, is missing it's part number
TP38 inserted by Quad 100, is missing it's part number
TP40 inserted by Quad 100, is missing it's part number
TP28 inserted by Quad 100, is missing it's part number
TP35 inserted by Quad 100, is missing it's part number
TP36 inserted by Quad 100, is missing it's part number
TP39 inserted by Quad 100, is missing it's part number
C17 inserted by Quad 100, is missing it's part number
J26 inserted by Quad 100, is missing it's part number
J35 inserted by Quad 100, is missing it's part number
J39 inserted by Quad 100, is missing it's part number
J38 inserted by Quad 100, is missing it's part number
R8 inserted by Quad 100, is missing it's part number
R23 inserted by Quad 100, is missing it's part number
R24 inserted by Quad 100, is missing it's part number
ZA1 inserted by Quad 100, is missing it's part number
R26 inserted by Quad 100, is missing it's part number
U11 inserted by Quad 100, is missing it's part number
TP55 inserted by Quad 100, is missing it's part number
TP42 inserted by Quad 100, is missing it's part number
R13 inserted by Quad 100, is missing it's part number
R14 inserted by Quad 100, is missing it's part number
J53 inserted by Quad 100, is missing it's part number
J54 inserted by Quad 100, is missing it's part number
J56 inserted by Quad 100, is missing it's part number
J55 inserted by Quad 100, is missing it's part number
J57 inserted by Quad 100, is missing it's part number
TP43 inserted by Quad 100, is missing it's part number
TP26 inserted by Quad 100, is missing it's part number
R22 inserted by Quad 100, is missing it's part number
R21 inserted by Quad 100, is missing it's part number
R20 inserted by Quad 100, is missing it's part number
U14 inserted by Quad 100, is missing it's part number
TP53 inserted by Quad 100, is missing it's part number
J72 inserted by Quad 100, is missing it's part number
U7 inserted by Quad 100, is missing it's part number
C29 inserted by Quad 100, is missing it's part number
TP27 inserted by Quad 100, is missing it's part number
TP52 inserted by Quad 100, is missing it's part number
J28 inserted by Quad 100, is missing it's part number
J32 inserted by Quad 100, is missing it's part number
U15 inserted by Quad 100, is missing it's part number
C18 inserted by Quad 100, is missing it's part number
J73 inserted by Quad 100, is missing it's part number
J71 inserted by Quad 100, is missing it's part number
R25 inserted by Quad 100, is missing it's part number
C35 inserted by Quad 100, is missing it's part number
SW1 inserted by Quad 100, is missing it's part number
TP57 inserted by Quad 100, is missing it's part number
J70 inserted by Quad 100, is missing it's part number
TP56 inserted by Quad 100, is missing it's part number
TP54 inserted by Quad 100, is missing it's part number
R16 inserted by Quad 100, is missing it's part number
C28 inserted by Quad 100, is missing it's part number
C27 inserted by Quad 100, is missing it's part number
FID2 inserted by Quad 100, is missing it's part number
M2 inserted by Quad 100, is missing it's part number
J52 inserted by Quad 100, is missing it's part number
J48 inserted by Quad 100, is missing it's part number
J50 inserted by Quad 100, is missing it's part number
J49 inserted by Quad 100, is missing it's part number
J46 inserted by Quad 100, is missing it's part number
J45 inserted by Quad 100, is missing it's part number
J47 inserted by Quad 100, is missing it's part number
J60 inserted by Quad 100, is missing it's part number
J51 inserted by Quad 100, is missing it's part number
U1 inserted by Quad 100, is missing it's part number
X2 inserted by Quad 100, is missing it's part number
C23 inserted by Quad 100, is missing it's part number
J58 inserted by Quad 100, is missing it's part number
J59 inserted by Quad 100, is missing it's part number
C26 inserted by Quad 100, is missing it's part number
TP23 inserted by Quad 100, is missing it's part number
C34 inserted by Quad 100, is missing it's part number
J64 inserted by Quad 100, is missing it's part number
J63 inserted by Quad 100, is missing it's part number
J62 inserted by Quad 100, is missing it's part number
TP18 inserted by Quad 100, is missing it's part number
J40 inserted by Quad 100, is missing it's part number
TP12 inserted by Quad 100, is missing it's part number
TP6 inserted by Quad 100, is missing it's part number
TP5 inserted by Quad 100, is missing it's part number
FB2 inserted by Quad 100, is missing it's part number
FB1 inserted by Quad 100, is missing it's part number
C9 inserted by Quad 100, is missing it's part number
C10 inserted by Quad 100, is missing it's part number
FB3 inserted by Quad 100, is missing it's part number
C12 inserted by Quad 100, is missing it's part number
C11 inserted by Quad 100, is missing it's part number
J8 inserted by Quad 100, is missing it's part number
J19 inserted by Quad 100, is missing it's part number
X1 inserted by Quad 100, is missing it's part number
X3 inserted by Quad 100, is missing it's part number
C3 inserted by Quad 100, is missing it's part number
J14 inserted by Quad 100, is missing it's part number
J18 inserted by Quad 100, is missing it's part number
J6 inserted by Quad 100, is missing it's part number
J12 inserted by Quad 100, is missing it's part number
J13 inserted by Quad 100, is missing it's part number
J17 inserted by Quad 100, is missing it's part number
TP16 inserted by Quad 100, is missing it's part number
J3 inserted by Quad 100, is missing it's part number
TP46 inserted by Quad 100, is missing it's part number
TP17 inserted by Quad 100, is missing it's part number
J11 inserted by Quad 100, is missing it's part number
C6 inserted by Quad 100, is missing it's part number
U8 inserted by Quad 100, is missing it's part number
J4 inserted by Quad 100, is missing it's part number
TP41 inserted by Quad 100, is missing it's part number
R7 inserted by Quad 100, is missing it's part number
J69 inserted by Quad 100, is missing it's part number
R15 inserted by Quad 100, is missing it's part number
TP25 inserted by Quad 100, is missing it's part number
J16 inserted by Quad 100, is missing it's part number
J7 inserted by Quad 100, is missing it's part number
U10 inserted by Quad 100, is missing it's part number
C13 inserted by Quad 100, is missing it's part number
TP4 inserted by Quad 100, is missing it's part number
TP11 inserted by Quad 100, is missing it's part number
TP47 inserted by Quad 100, is missing it's part number
TP3 inserted by Quad 100, is missing it's part number
TP1 inserted by Quad 100, is missing it's part number
TP2 inserted by Quad 100, is missing it's part number
C14 inserted by Quad 100, is missing it's part number
ANT1 inserted by Quad 100, is missing it's part number
C8 inserted by Quad 100, is missing it's part number
J2 inserted by Quad 100, is missing it's part number
M3 inserted by Quad 100, is missing it's part number
