

CONTINUITY ERRORS REPORT -- Q10B-v2.2.3.pcb -- Tue Dec 12 09:12:36 2017



Isolated subnets for: HGND

*** subnet # 1
 HATCH OUTLINE(40.26639,70.19283 L1)

*** subnet # 2
 HATCH OUTLINE(39.73742,69.91509 L1)

*** subnet # 3
 HATCH OUTLINE(39.00872,69.20821 L1)

*** subnet # 4
 HATCH OUTLINE(38.47179,69.64609 L1)

*** subnet # 5
 HATCH OUTLINE(38.01556,60.66821 L1)

*** subnet # 6
 HATCH OUTLINE(36.27439,58.28388 L1)

*** subnet # 7
 HATCH OUTLINE(34.73412,56.74361 L1)

*** subnet # 8
 HATCH OUTLINE(35.17999,59.15359 L1)

*** subnet # 9
 HATCH OUTLINE(36.18821,59.68064 L1)

*** subnet # 10
 HATCH OUTLINE(37.08097,61.347 L1)

*** subnet # 11
 HATCH OUTLINE(36.98719,63.40821 L1)

*** subnet # 12
 HATCH OUTLINE(35.5992,63.40821 L1)

*** subnet # 13
 HATCH OUTLINE(31.95336,56.74361 L1)

*** subnet # 14
 HATCH OUTLINE(33.28237,59.13238 L1)

*** subnet # 15
 HATCH OUTLINE(35.28794,60.78291 L1)

*** subnet # 16
 HATCH OUTLINE(31.9995,60.39011 L1)

*** subnet # 17
 HATCH OUTLINE(30.96327,61.31753 L1)

*** subnet # 18
 HATCH OUTLINE(32.14971,62.08821 L1)

*** subnet # 19
 HATCH OUTLINE(34.57737,64.67752 L1)

*** subnet # 20
 HATCH OUTLINE(33.81711,65.57422 L1)

*** subnet # 21
 HATCH OUTLINE(33.20979,64.65439 L1)

*** subnet # 22
 HATCH OUTLINE(33.27433,66.49516 L1)

*** subnet # 23
 HATCH OUTLINE(33.79706,67.01333 L1)

*** subnet # 24
 HATCH OUTLINE(33.84002,67.34369 L1)

*** subnet # 25
 HATCH OUTLINE(34.90068,69.81856 L1)

*** subnet # 26
 HATCH OUTLINE(33.27433,68.19222 L1)

*** subnet # 27
 HATCH OUTLINE(31.92739,63.76261 L1)

*** subnet # 28
 HATCH OUTLINE(31.72055,64.46347 L1)

*** subnet # 29
 HATCH OUTLINE(32.05372,65.26821 L1)

*** subnet # 30
 HATCH OUTLINE(32.2441,69.77037 L1)

*** subnet # 31
 HATCH OUTLINE(31.20941,62.77821 L1)

*** subnet # 32
 HATCH OUTLINE(30.96334,63.52466 L1)

*** subnet # 33
 HATCH OUTLINE(30.74094,67.69821 L1)

*** subnet # 34
 HATCH OUTLINE(21.44621,63.74579 L1)

*** subnet # 35
 HATCH OUTLINE(20.86379,63.74579 L1)

*** subnet # 36
 HATCH OUTLINE(-4.68701,8.28526 L1)

*** subnet # 37
 HATCH OUTLINE(-5.26801,6.829 L1)

*** subnet # 38
 HATCH OUTLINE(-5.16413,7.53385 L1)

*** subnet # 39
 HATCH OUTLINE(-5.2375,47.90321 L1)

*** subnet # 40
 HATCH OUTLINE(-4.41198,4.54821 L1)

*** subnet # 41
 HATCH OUTLINE(-5.38479,-4.48623 L1)

*** subnet # 42
 HATCH OUTLINE(-2.29464,-1.63952 L1)

*** subnet # 43
 HATCH OUTLINE(-2.50064,1.66445 L1)

*** subnet # 44
 HATCH OUTLINE(-3.11039,38.87961 L1)

*** subnet # 45
 HATCH OUTLINE(-3.52013,-0.56179 L1)

*** subnet # 46
 HATCH OUTLINE(-3.04501,3.50501 L1)

*** subnet # 47
 HATCH OUTLINE(-3.99801,6.829 L1)

*** subnet # 48
 HATCH OUTLINE(-1.32444,4.54821 L1)

*** subnet # 49
 HATCH OUTLINE(-1.76412,8.28526 L1)

*** subnet # 50
 HATCH OUTLINE(-2.66784,8.82721 L1)

*** subnet # 51
 HATCH OUTLINE(0.26179,53.286 L1)

*** subnet # 52
 HATCH OUTLINE(-0.53179,52.36664 L1)

*** subnet # 53
 HATCH OUTLINE(-0.68261,51.6604 L1)

*** subnet # 54
 HATCH OUTLINE(-0.18821,54.286 L1)

*** subnet # 55
 HATCH OUTLINE(-0.50501,5.18401 L1)

*** subnet # 56
 HATCH OUTLINE(-1.45801,1.241 L1)

*** subnet # 57
 HATCH OUTLINE(1.17729,46.85503 L1)

*** subnet # 58
 HATCH OUTLINE(0.88179,49.68921 L1)

*** subnet # 59
 HATCH OUTLINE(0.9206,51.86361 L1)

*** subnet # 60
 HATCH OUTLINE(0.68821,53.73822 L1)

*** subnet # 61
 HATCH OUTLINE(1.43179,54.51642 L1)

*** subnet # 62
 HATCH OUTLINE(-1.16821,52.26281 L1)

*** subnet # 63
 HATCH OUTLINE(-2.91721,54.51239 L1)

*** subnet # 64
 HATCH OUTLINE(2.81352,9.23821 L1)

*** subnet # 65
 HATCH OUTLINE(3.22179,-0.77719 L1)

*** subnet # 66
 HATCH OUTLINE(3.91096,6.56097 L1)

*** subnet # 67
 HATCH OUTLINE(3.87922,49.68921 L1)

*** subnet # 68
 HATCH OUTLINE(1.75764,47.29621 L1)

*** subnet # 69
 HATCH OUTLINE(2.28179,49.30958 L1)

*** subnet # 70
 HATCH OUTLINE(2.19286,51.81844 L1)

*** subnet # 71
 HATCH OUTLINE(1.975,53.42821 L1)

*** subnet # 72
 HATCH OUTLINE(3.65545,-1.52721 L1)

*** subnet # 73
 HATCH OUTLINE(3.52679,0.58 L1)

*** subnet # 74
 HATCH OUTLINE(3.98376,2.28321 L1)

*** subnet # 75
 HATCH OUTLINE(4.80797,-0.55586 L1)

*** subnet # 76
 HATCH OUTLINE(6.42966,8.11533 L1)

*** subnet # 77
 HATCH OUTLINE(3.97775,8.11533 L1)

*** subnet # 78
 HATCH OUTLINE(5.68579,48.30404 L1)

*** subnet # 79
 HATCH OUTLINE(4.22989,9.39821 L1)

*** subnet # 80
 HATCH OUTLINE(6.46726,53.83275 L1)

*** subnet # 81
 HATCH OUTLINE(5.08179,51.85987 L1)

*** subnet # 82
 HATCH OUTLINE(4.03179,52.35822 L1)

*** subnet # 83
 HATCH OUTLINE(3.86019,42.33945 L1)

*** subnet # 84
 HATCH OUTLINE(3.57269,47.29621 L1)

*** subnet # 85
 HATCH OUTLINE(2.96829,46.443 L1)

*** subnet # 86
 HATCH OUTLINE(1.06039,43.1976 L1)

*** subnet # 87
 HATCH OUTLINE(1.44729,44.0537 L1)

*** subnet # 88
 HATCH OUTLINE(2.8278,44.82461 L1)

*** subnet # 89
 HATCH OUTLINE(3.03499,49.74501 L1)

*** subnet # 90
 HATCH OUTLINE(3.27179,53.225 L1)

*** subnet # 91
 HATCH OUTLINE(4.31179,53.58922 L1)

*** subnet # 92
 HATCH OUTLINE(5.86184,54.84821 L1)

*** subnet # 93
 HATCH OUTLINE(8.18383,2.97115 L1)

*** subnet # 94
 HATCH OUTLINE(8.04315,1.24821 L1)

*** subnet # 95
 HATCH OUTLINE(7.60177,2.424 L1)

*** subnet # 96
 HATCH OUTLINE(6.55821,-1.51494 L1)

*** subnet # 97
 HATCH OUTLINE(6.55179,-1.81429 L1)

*** subnet # 98
 HATCH OUTLINE(6.32882,-3.81179 L1)

*** subnet # 99
 HATCH OUTLINE(6.62679,1.31377 L1)

*** subnet # 100
 HATCH OUTLINE(8.35845,4.27921 L1)

*** subnet # 101
 HATCH OUTLINE(5.70749,-3.74579 L1)

*** subnet # 102
 HATCH OUTLINE(5.81,-1.98155 L1)

*** subnet # 103
 HATCH OUTLINE(5.395,-0.01237 L1)

*** subnet # 104
 HATCH OUTLINE(5.79979,2.81941 L1)

*** subnet # 105
 HATCH OUTLINE(5.93259,4.79361 L1)

*** subnet # 106
 HATCH OUTLINE(8.79219,1.51841 L1)

*** subnet # 107
 HATCH OUTLINE(9.28864,39.55181 L1)

*** subnet # 108
 HATCH OUTLINE(8.95819,41.10821 L1)

*** subnet # 109
 HATCH OUTLINE(6.07897,35.6421 L1)

*** subnet # 110
 HATCH OUTLINE(9.62639,47.8494 L1)

*** subnet # 111
 HATCH OUTLINE(9.24971,57.6003 L1)

*** subnet # 112
 HATCH OUTLINE(8.78179,55.91699 L1)

*** subnet # 113
 HATCH OUTLINE(10.25819,-4.49621 L1)

*** subnet # 114
 HATCH OUTLINE(9.54084,-4.87739 L1)

*** subnet # 115
 HATCH OUTLINE(10.90359,48.05261 L1)

*** subnet # 116
 HATCH OUTLINE(11.99497,-2.24682 L1)

*** subnet # 117
 HATCH OUTLINE(12.25877,-1.15751 L1)

*** subnet # 118
 HATCH OUTLINE(11.99179,0.45378 L1)

*** subnet # 119
 HATCH OUTLINE(10.06739,1.2276 L1)

*** subnet # 120
 HATCH OUTLINE(12.22224,7.48821 L1)

*** subnet # 121
 HATCH OUTLINE(9.56403,3.49404 L1)

*** subnet # 122
 HATCH OUTLINE(10.47483,5.05501 L1)

*** subnet # 123
 HATCH OUTLINE(10.91278,6.49046 L1)

*** subnet # 124
 HATCH OUTLINE(11.01131,10.7187 L1)

*** subnet # 125
 HATCH OUTLINE(10.87508,11.38934 L1)

*** subnet # 126
 HATCH OUTLINE(11.68739,39.52932 L1)

*** subnet # 127
 HATCH OUTLINE(11.90179,40.54533 L1)

*** subnet # 128
 HATCH OUTLINE(10.48739,39.89338 L1)

*** subnet # 129
 HATCH OUTLINE(10.56522,40.88368 L1)

*** subnet # 130
 HATCH OUTLINE(13.22322,53.82908 L1)

*** subnet # 131
 HATCH OUTLINE(13.31642,55.04603 L1)

*** subnet # 132
 HATCH OUTLINE(13.25932,-3.32066 L1)

*** subnet # 133
 HATCH OUTLINE(13.22399,-0.6028 L1)

*** subnet # 134
 HATCH OUTLINE(12.90376,-0.1415 L1)

*** subnet # 135
 HATCH OUTLINE(12.80139,1.43501 L1)

*** subnet # 136
 HATCH OUTLINE(9.9069,53.24823 L1)

*** subnet # 137
 HATCH OUTLINE(7.82695,51.83327 L1)

*** subnet # 138
 HATCH OUTLINE(7.08769,51.83327 L1)

*** subnet # 139
 HATCH OUTLINE(9.6571,53.99306 L1)

*** subnet # 140
 HATCH OUTLINE(10.35717,56.74008 L1)

*** subnet # 141
 HATCH OUTLINE(12.21179,47.62681 L1)

*** subnet # 142
 HATCH OUTLINE(12.57579,48.75681 L1)

*** subnet # 143
 HATCH OUTLINE(14.20051,53.72448 L1)

*** subnet # 144
 HATCH OUTLINE(14.31397,56.04358 L1)

*** subnet # 145
 HATCH OUTLINE(10.92899,50.24038 L1)

*** subnet # 146
 HATCH OUTLINE(10.72487,52.70696 L1)

*** subnet # 147
 HATCH OUTLINE(11.13463,54.63821 L1)

*** subnet # 148
 HATCH OUTLINE(16.34105,1.03321 L1)

*** subnet # 149
 HATCH OUTLINE(15.32858,9.77301 L1)

*** subnet # 150
 HATCH OUTLINE(13.96212,35.87821 L1)

*** subnet # 151
 HATCH OUTLINE(14.14443,40.87215 L1)

*** subnet # 152
 HATCH OUTLINE(17.12679,-8.04698 L1)

*** subnet # 153
 HATCH OUTLINE(16.36212,35.87821 L1)

*** subnet # 154
 HATCH OUTLINE(15.16212,35.87821 L1)

*** subnet # 155
 HATCH OUTLINE(15.83375,-4.68623 L1)

*** subnet # 156
 HATCH OUTLINE(16.08765,-3.59749 L1)

*** subnet # 157
 HATCH OUTLINE(15.84105,1.03321 L1)

*** subnet # 158
 HATCH OUTLINE(15.34105,1.03321 L1)

*** subnet # 159
 HATCH OUTLINE(14.59669,-4.29179 L1)

*** subnet # 160
 HATCH OUTLINE(14.84498,1.03321 L1)

*** subnet # 161
 HATCH OUTLINE(14.70129,0.97369 L1)

*** subnet # 162
 HATCH OUTLINE(14.87997,2.38906 L1)

*** subnet # 163
 HATCH OUTLINE(15.25499,3.90461 L1)

*** subnet # 164
 HATCH OUTLINE(15.5951,5.02491 L1)

*** subnet # 165
 HATCH OUTLINE(14.01029,-3.46972 L1)

*** subnet # 166
 HATCH OUTLINE(13.95499,-2.62499 L1)

*** subnet # 167
 HATCH OUTLINE(14.28259,-1.98179 L1)

*** subnet # 168
 HATCH OUTLINE(14.25498,1.17321 L1)

*** subnet # 169
 HATCH OUTLINE(14.18383,2.97115 L1)

*** subnet # 170
 HATCH OUTLINE(12.69859,2.46682 L1)

*** subnet # 171
 HATCH OUTLINE(14.3342,4.71223 L1)

*** subnet # 172
 HATCH OUTLINE(11.24914,4.34688 L1)

*** subnet # 173
 HATCH OUTLINE(11.28345,5.14821 L1)

*** subnet # 174
 HATCH OUTLINE(14.75456,7.06821 L1)

*** subnet # 175
 HATCH OUTLINE(13.56782,7.06821 L1)

*** subnet # 176
 HATCH OUTLINE(14.11375,8.21377 L1)

*** subnet # 177
 HATCH OUTLINE(13.33699,8.17605 L1)

*** subnet # 178
 HATCH OUTLINE(13.57231,9.2277 L1)

*** subnet # 179
 HATCH OUTLINE(13.21645,11.08412 L1)

*** subnet # 180
 HATCH OUTLINE(16.55177,48.54184 L1)

*** subnet # 181
 HATCH OUTLINE(13.74421,48.52862 L1)

*** subnet # 182
 HATCH OUTLINE(14.59179,49.71417 L1)

*** subnet # 183
 HATCH OUTLINE(17.19979,53.45941 L1)

*** subnet # 184
 HATCH OUTLINE(17.29179,55.14685 L1)

*** subnet # 185
 HATCH OUTLINE(15.83499,56.13678 L1)

*** subnet # 186
 HATCH OUTLINE(17.42613,1.17115 L1)

*** subnet # 187
 HATCH OUTLINE(17.25259,0.98814 L1)

*** subnet # 188
 HATCH OUTLINE(17.85658,3.27274 L1)

*** subnet # 189
 HATCH OUTLINE(16.84105,1.03321 L1)

*** subnet # 190
 HATCH OUTLINE(16.86691,2.55906 L1)

*** subnet # 191
 HATCH OUTLINE(16.55823,2.49384 L1)

*** subnet # 192
 HATCH OUTLINE(18.53371,5.04017 L1)

*** subnet # 193
 HATCH OUTLINE(17.62802,5.77301 L1)

*** subnet # 194
 HATCH OUTLINE(16.43271,6.70821 L1)

*** subnet # 195
 HATCH OUTLINE(19.72677,-6.75938 L1)

*** subnet # 196
 HATCH OUTLINE(19.49989,-4.49679 L1)

*** subnet # 197
 HATCH OUTLINE(18.70177,-4.7 L1)

*** subnet # 198
 HATCH OUTLINE(19.29137,-3.06179 L1)

*** subnet # 199
 HATCH OUTLINE(19.25179,-1.3878 L1)

*** subnet # 200
 HATCH OUTLINE(19.02719,0.47821 L1)

*** subnet # 201
 HATCH OUTLINE(20.18383,2.97115 L1)

*** subnet # 202
 HATCH OUTLINE(19.57898,3.55321 L1)

*** subnet # 203
 HATCH OUTLINE(18.8642,2.03821 L1)

*** subnet # 204
 HATCH OUTLINE(18.87577,2.78073 L1)

*** subnet # 205
 HATCH OUTLINE(18.18501,52.02501 L1)

*** subnet # 206
 HATCH OUTLINE(21.26144,-2.11216 L1)

*** subnet # 207
 HATCH OUTLINE(21.01859,-2.9414 L1)

*** subnet # 208
 HATCH OUTLINE(20.83677,-3.44443 L1)

*** subnet # 209
 HATCH OUTLINE(20.67599,0.18821 L1)

*** subnet # 210
 HATCH OUTLINE(22.05498,-2.58671 L1)

*** subnet # 211
 HATCH OUTLINE(17.56212,35.87821 L1)

*** subnet # 212
 HATCH OUTLINE(21.32521,40.64821 L1)

*** subnet # 213
 HATCH OUTLINE(20.70254,9.33521 L1)

*** subnet # 214
 HATCH OUTLINE(22.73419,10.73221 L1)

*** subnet # 215
 HATCH OUTLINE(18.6725,9.77301 L1)

*** subnet # 216
 HATCH OUTLINE(23.93458,44.34093 L1)

*** subnet # 217
 HATCH OUTLINE(23.75819,45.67834 L1)

*** subnet # 218
 HATCH OUTLINE(24.52179,52.11898 L1)

*** subnet # 219
 HATCH OUTLINE(22.62609,49.83407 L1)

*** subnet # 220
 HATCH OUTLINE(23.36476,51.78181 L1)

*** subnet # 221
 HATCH OUTLINE(23.53259,52.74167 L1)

*** subnet # 222
 HATCH OUTLINE(21.28677,42.61987 L1)

*** subnet # 223
 HATCH OUTLINE(21.23839,45.30501 L1)

*** subnet # 224
 HATCH OUTLINE(21.28773,47.40501 L1)

*** subnet # 225
 HATCH OUTLINE(19.88677,42.61987 L1)

*** subnet # 226
 HATCH OUTLINE(18.51574,40.47427 L1)

*** subnet # 227
 HATCH OUTLINE(20.55177,52.76769 L1)

*** subnet # 228
 HATCH OUTLINE(19.83179,51.69127 L1)

*** subnet # 229
 HATCH OUTLINE(18.76809,49.83407 L1)

*** subnet # 230
 HATCH OUTLINE(18.76809,50.48407 L1)

*** subnet # 231
 HATCH OUTLINE(25.44105,1.03321 L1)

*** subnet # 232
 HATCH OUTLINE(23.38699,38.91141 L1)

*** subnet # 233
 HATCH OUTLINE(24.80114,35.99521 L1)

*** subnet # 234
 HATCH OUTLINE(26.35179,-3.4284 L1)

*** subnet # 235
 HATCH OUTLINE(25.6648,42.90301 L1)

*** subnet # 236
 HATCH OUTLINE(18.12181,35.60821 L1)

*** subnet # 237
 HATCH OUTLINE(21.58679,39.55821 L1)

*** subnet # 238
 HATCH OUTLINE(24.58701,40.19621 L1)

*** subnet # 239
 HATCH OUTLINE(25.225,43.99821 L1)

*** subnet # 240
 HATCH OUTLINE(26.01181,7.02821 L1)

*** subnet # 241
 HATCH OUTLINE(25.68,9.46321 L1)

*** subnet # 242
 HATCH OUTLINE(25.75281,12.26821 L1)

*** subnet # 243
 HATCH OUTLINE(25.48679,10.47 L1)

*** subnet # 244
 HATCH OUTLINE(25.47679,7.76 L1)

*** subnet # 245
 HATCH OUTLINE(25.2276,11.54952 L1)

*** subnet # 246
 HATCH OUTLINE(22.90047,7.33079 L1)

*** subnet # 247
 HATCH OUTLINE(19.9392,5.77301 L1)

*** subnet # 248
 HATCH OUTLINE(25.91112,16.48889 L1)

*** subnet # 249
 HATCH OUTLINE(25.76679,16.2944 L1)

*** subnet # 250
 HATCH OUTLINE(27.61481,63.10501 L1)

*** subnet # 251
 HATCH OUTLINE(27.1213,63.74579 L1)

*** subnet # 252
 HATCH OUTLINE(23.02379,63.74579 L1)

*** subnet # 253
 HATCH OUTLINE(29.79551,23.5666 L1)

*** subnet # 254
 HATCH OUTLINE(30.07179,9.63512 L1)

*** subnet # 255
 HATCH OUTLINE(29.90739,11.17459 L1)

*** subnet # 256
 HATCH OUTLINE(29.02681,9.46321 L1)

*** subnet # 257
 HATCH OUTLINE(28.82276,11.68179 L1)

*** subnet # 258
 HATCH OUTLINE(27.4078,7.02821 L1)

*** subnet # 259
 HATCH OUTLINE(28.58679,9.97 L1)

*** subnet # 260
 HATCH OUTLINE(29.85972,34.67701 L1)

*** subnet # 261
 HATCH OUTLINE(30.68375,14.34377 L1)

*** subnet # 262
 HATCH OUTLINE(30.38945,13.71821 L1)

*** subnet # 263
 HATCH OUTLINE(14.29781,32.51821 L1)

*** subnet # 264
 HATCH OUTLINE(12.69284,32.51821 L1)

*** subnet # 265
 HATCH OUTLINE(11.76822,32.51821 L1)

*** subnet # 266
 HATCH OUTLINE(3.26406,16.98299 L1)

*** subnet # 267
 HATCH OUTLINE(30.43193,23.5723 L1)

*** subnet # 268
 HATCH OUTLINE(30.7525,24.67071 L1)

*** subnet # 269
 HATCH OUTLINE(30.60778,43.04821 L1)

*** subnet # 270
 HATCH OUTLINE(28.84745,35.71261 L1)

*** subnet # 271
 HATCH OUTLINE(25.77821,26.26154 L1)

*** subnet # 272
 HATCH OUTLINE(24.72321,25.51569 L1)

*** subnet # 273
 HATCH OUTLINE(25.14179,26.12799 L1)

*** subnet # 274
 HATCH OUTLINE(23.2658,23.72674 L1)

*** subnet # 275
 HATCH OUTLINE(25.73835,36.80061 L1)

*** subnet # 276
 HATCH OUTLINE(29.66819,39.6022 L1)

*** subnet # 277
 HATCH OUTLINE(29.48013,41.66988 L1)

*** subnet # 278
 HATCH OUTLINE(29.71919,42.35521 L1)

*** subnet # 279
 HATCH OUTLINE(25.23321,40.8424 L1)

*** subnet # 280
 HATCH OUTLINE(32.51457,7.86669 L1)

*** subnet # 281
 HATCH OUTLINE(32.44921,8.34156 L1)

*** subnet # 282
 HATCH OUTLINE(31.81642,13.20473 L1)

*** subnet # 283
 HATCH OUTLINE(30.12348,7.50821 L1)

*** subnet # 284
 HATCH OUTLINE(31.64899,13.0047 L1)

*** subnet # 285
 HATCH OUTLINE(31.77139,13.66115 L1)

*** subnet # 286
 HATCH OUTLINE(32.88285,23.47097 L1)

*** subnet # 287
 HATCH OUTLINE(31.9636,25.01291 L1)

*** subnet # 288
 HATCH OUTLINE(31.64899,24.67071 L1)

*** subnet # 289
 HATCH OUTLINE(30.87187,23 L1)

*** subnet # 290
 HATCH OUTLINE(30.57093,22.93569 L1)

*** subnet # 291
 HATCH OUTLINE(31.19791,23.48264 L1)

*** subnet # 292
 HATCH OUTLINE(31.8522,26.40791 L1)

*** subnet # 293
 HATCH OUTLINE(32.2539,-4.99979 L1)

*** subnet # 294
 HATCH OUTLINE(32.29829,-3.927 L1)

*** subnet # 295
 HATCH OUTLINE(33.29653,14.77071 L1)

*** subnet # 296
 HATCH OUTLINE(33.50319,16.97063 L1)

*** subnet # 297
 HATCH OUTLINE(33.07762,22.76571 L1)

*** subnet # 298
 HATCH OUTLINE(32.97605,24.00778 L1)

*** subnet # 299
 HATCH OUTLINE(34.02319,19.37709 L1)

*** subnet # 300
 HATCH OUTLINE(33.50319,20.5572 L1)

*** subnet # 301
 HATCH OUTLINE(32.09901,18.41291 L1)

*** subnet # 302
 HATCH OUTLINE(28.50595,18.8944 L1)

*** subnet # 303
 HATCH OUTLINE(28.67321,18.4416 L1)

*** subnet # 304
 HATCH OUTLINE(32.88285,19.77137 L1)

*** subnet # 305
 HATCH OUTLINE(31.64899,19.6047 L1)

*** subnet # 306
 HATCH OUTLINE(34.0817,36.99821 L1)

*** subnet # 307
 HATCH OUTLINE(32.47724,36.99821 L1)

*** subnet # 308
 HATCH OUTLINE(31.00636,35.6738 L1)

*** subnet # 309
 HATCH OUTLINE(31.22652,36.99821 L1)

*** subnet # 310
 HATCH OUTLINE(31.54547,30.31875 L1)

*** subnet # 311
 HATCH OUTLINE(29.09259,31.07701 L1)

*** subnet # 312
 HATCH OUTLINE(32.96981,9.56571 L1)

*** subnet # 313
 HATCH OUTLINE(33.50319,10.6572 L1)

*** subnet # 314
 HATCH OUTLINE(34.54384,12.71801 L1)

*** subnet # 315
 HATCH OUTLINE(36.06821,12.33987 L1)

*** subnet # 316
 HATCH OUTLINE(36.04284,11.06316 L1)

*** subnet # 317
 HATCH OUTLINE(36.00521,11.89857 L1)

*** subnet # 318
 HATCH OUTLINE(35.26739,10.0476 L1)

*** subnet # 319
 HATCH OUTLINE(35.43179,12.45847 L1)

*** subnet # 320
 HATCH OUTLINE(35.87679,14.85781 L1)

*** subnet # 321
 HATCH OUTLINE(33.89965,15.37382 L1)

*** subnet # 322
 HATCH OUTLINE(34.90019,17.46041 L1)

*** subnet # 323
 HATCH OUTLINE(35.53661,17.66361 L1)

*** subnet # 324
 HATCH OUTLINE(36.08967,18.28524 L1)

*** subnet # 325
 HATCH OUTLINE(35.26739,19.9476 L1)

*** subnet # 326
 HATCH OUTLINE(36.08967,20.95446 L1)

*** subnet # 327
 HATCH OUTLINE(34.26687,20.76041 L1)

*** subnet # 328
 HATCH OUTLINE(36.06799,22.48405 L1)

*** subnet # 329
 HATCH OUTLINE(35.72015,25.83639 L1)

*** subnet # 330
 HATCH OUTLINE(33.47179,-1.9 L1)

*** subnet # 331
 HATCH OUTLINE(36.64429,31.4315 L1)

*** subnet # 332
 HATCH OUTLINE(36.04902,33.85396 L1)

*** subnet # 333
 HATCH OUTLINE(35.45304,25.08017 L1)

*** subnet # 334
 HATCH OUTLINE(35.26739,23.2476 L1)

*** subnet # 335
 HATCH OUTLINE(35.14535,24.52741 L1)

*** subnet # 336
 HATCH OUTLINE(35.26739,26.5476 L1)

*** subnet # 337
 HATCH OUTLINE(35.61179,31.49672 L1)

*** subnet # 338
 HATCH OUTLINE(34.9764,30.66041 L1)

*** subnet # 339
 HATCH OUTLINE(35.43179,28.67163 L1)

*** subnet # 340
 HATCH OUTLINE(33.72569,30.66041 L1)

*** subnet # 341
 HATCH OUTLINE(37.79623,37.24625 L1)

*** subnet # 342
 HATCH OUTLINE(36.72608,18.49543 L1)

*** subnet # 343
 HATCH OUTLINE(36.72608,20.39508 L1)

*** subnet # 344
 HATCH OUTLINE(37.30019,-5.30179 L1)

*** subnet # 345
 HATCH OUTLINE(31.74242,41.49561 L1)

*** subnet # 346
 HATCH OUTLINE(36.66739,16.20821 L1)

*** subnet # 347
 HATCH OUTLINE(36.30873,25.24781 L1)

*** subnet # 348
 HATCH OUTLINE(38.68179,29.94532 L1)

*** subnet # 349
 HATCH OUTLINE(37.81821,30.34928 L1)

*** subnet # 350
 HATCH OUTLINE(38.66529,31.9525 L1)

*** subnet # 351
 HATCH OUTLINE(38.06281,32.61821 L1)

*** subnet # 352
 HATCH OUTLINE(38.18179,34.18258 L1)

*** subnet # 353
 HATCH OUTLINE(36.88011,11.90901 L1)

*** subnet # 354
 HATCH OUTLINE(36.66739,10.63817 L1)

*** subnet # 355
 HATCH OUTLINE(37.08181,12.62821 L1)

*** subnet # 356
 HATCH OUTLINE(37.99623,15.24625 L1)

*** subnet # 357
 HATCH OUTLINE(37.88499,18.00404 L1)

*** subnet # 358
 HATCH OUTLINE(37.49249,20.93121 L1)

*** subnet # 359
 HATCH OUTLINE(40.04616,53.42835 L1)

*** subnet # 360
 HATCH OUTLINE(39.34015,51.37221 L1)

*** subnet # 361
 HATCH OUTLINE(38.13656,51.37221 L1)

*** subnet # 362
 HATCH OUTLINE(38.11877,52.84124 L1)

*** subnet # 363
 HATCH OUTLINE(39.24824,53.39386 L1)

*** subnet # 364
 HATCH OUTLINE(37.22104,52.936 L1)

*** subnet # 365
 HATCH OUTLINE(37.42736,55.25321 L1)

*** subnet # 366
 HATCH OUTLINE(37.12784,52.40939 L1)

*** subnet # 367
 HATCH OUTLINE(39.38111,58.74543 L1)

*** subnet # 368
 HATCH OUTLINE(39.6543,63.81821 L1)

*** subnet # 369
 HATCH OUTLINE(39.89105,5.21821 L1)

*** subnet # 370
 HATCH OUTLINE(40.79844,7.53049 L1)

*** subnet # 371
 HATCH OUTLINE(33.95654,4.29231 L1)

*** subnet # 372
 HATCH OUTLINE(35.52819,4.93821 L1)

*** subnet # 373
 HATCH OUTLINE(33.08317,4.79493 L1)

*** subnet # 374
 HATCH OUTLINE(32.70819,2.23498 L1)

*** subnet # 375
 HATCH OUTLINE(32.18383,2.97115 L1)

*** subnet # 376
 HATCH OUTLINE(30.4722,1.39181 L1)

*** subnet # 377
 HATCH OUTLINE(30.37179,-0.4 L1)

*** subnet # 378
 HATCH OUTLINE(30.87577,3.35 L1)

*** subnet # 379
 HATCH OUTLINE(26.18383,2.97115 L1)

*** subnet # 380
 HATCH OUTLINE(25.85259,0.98814 L1)

*** subnet # 381
 HATCH OUTLINE(25.78261,-3.99947 L1)

*** subnet # 382
 HATCH OUTLINE(25.52814,-6.6724 L1)

*** subnet # 383
 HATCH OUTLINE(25.69254,-5.66013 L1)

*** subnet # 384
 HATCH OUTLINE(25.60177,2.424 L1)

*** subnet # 385
 HATCH OUTLINE(25.57898,3.55321 L1)

*** subnet # 386
 HATCH OUTLINE(25.27281,4.84095 L1)

*** subnet # 387
 HATCH OUTLINE(24.94105,1.03321 L1)

*** subnet # 388
 HATCH OUTLINE(24.44105,1.03321 L1)

*** subnet # 389
 HATCH OUTLINE(24.28151,-3.44391 L1)

*** subnet # 390
 HATCH OUTLINE(23.94105,1.03321 L1)

*** subnet # 391
 HATCH OUTLINE(23.08177,-6.15588 L1)

*** subnet # 392
 HATCH OUTLINE(21.87679,-8.04671 L1)

*** subnet # 393
 HATCH OUTLINE(23.58179,-3.42013 L1)

*** subnet # 394
 HATCH OUTLINE(23.44498,1.03321 L1)

*** subnet # 395
 HATCH OUTLINE(23.30129,0.97369 L1)

*** subnet # 396
 HATCH OUTLINE(23.47997,2.80934 L1)

*** subnet # 397
 HATCH OUTLINE(22.88259,-1.98179 L1)

*** subnet # 398
 HATCH OUTLINE(23.15531,5.95121 L1)

*** subnet # 399
 HATCH OUTLINE(40.28498,45.43399 L1)

*** subnet # 400
 HATCH OUTLINE(39.87018,44.89758 L1)

*** subnet # 401
 HATCH OUTLINE(39.47623,45.44625 L1)

*** subnet # 402
 HATCH OUTLINE(36.24781,45.24761 L1)

*** subnet # 403
 HATCH OUTLINE(38.70719,45.71821 L1)

*** subnet # 404
 HATCH OUTLINE(40.6,12.77321 L1)

*** subnet # 405
 HATCH OUTLINE(39.958,15.91821 L1)

*** subnet # 406
 HATCH OUTLINE(39.48084,11.40085 L1)

*** subnet # 407
 HATCH OUTLINE(38.94315,8.71821 L1)

*** subnet # 408
 HATCH OUTLINE(38.24679,11.2 L1)

*** subnet # 409
 HATCH OUTLINE(38.45,11.40321 L1)

*** subnet # 410
 HATCH OUTLINE(38.57,14.80321 L1)

*** subnet # 411
 HATCH OUTLINE(41.07679,-6.74126 L1)

*** subnet # 412
 HATCH OUTLINE(41.55791,-1.63357 L1)

*** subnet # 413
 HATCH OUTLINE(42.6278,10.61181 L1)

*** subnet # 414
 HATCH OUTLINE(43.39383,11.82485 L1)

*** subnet # 415
 HATCH OUTLINE(42.93372,1.80096 L1)

*** subnet # 416
 HATCH OUTLINE(37.01421,-2.12717 L1)

*** subnet # 417
 HATCH OUTLINE(37.32931,1.99265 L1)

*** subnet # 418
 HATCH OUTLINE(43.51436,68.38181 L1)

*** subnet # 419
 HATCH OUTLINE(42.70624,67.56358 L1)

*** subnet # 420
 HATCH OUTLINE(42.27375,68.09377 L1)

*** subnet # 421
 HATCH OUTLINE(39.85841,66.56242 L1)

*** subnet # 422
 HATCH OUTLINE(43.30179,15.77831 L1)

*** subnet # 423
 HATCH OUTLINE(44.40179,39.72045 L1)

*** subnet # 424
 HATCH OUTLINE(40.5765,51.30769 L1)

*** subnet # 425
 HATCH OUTLINE(38.74918,61.00795 L1)

*** subnet # 426
 HATCH OUTLINE(38.48549,59.9987 L1)

*** subnet # 427
 HATCH OUTLINE(45.41821,61.5809 L1)

*** subnet # 428
 HATCH OUTLINE(45.68179,59.01838 L1)

*** subnet # 429
 HATCH OUTLINE(45.13304,59.45697 L1)

*** subnet # 430
 HATCH OUTLINE(44.24923,-6.79678 L1)

*** subnet # 431
 HATCH OUTLINE(41.83104,3.83097 L1)

*** subnet # 432
 HATCH OUTLINE(37.41021,70.58154 L1)

*** subnet # 433
 HATCH OUTLINE(11.8389,8.61542 L1)

*** subnet # 434
 HATCH OUTLINE(13.29419,51.25321 L1)

*** subnet # 435
 HATCH OUTLINE(21.56357,-0.89209 L1)

*** subnet # 436
 HATCH OUTLINE(40.7235,2.55621 L1)

*** subnet # 437
 HATCH OUTLINE(41.50584,64.84417 L1)

*** subnet # 438
 HATCH OUTLINE(39.03175,65.31387 L1)

*** subnet # 439
 HATCH OUTLINE(34.78805,62.44521 L1)

*** subnet # 440
 HATCH OUTLINE(34.04595,62.44521 L1)

*** subnet # 441
 HATCH OUTLINE(39.06819,37.11821 L1)

*** subnet # 442
 HATCH OUTLINE(40.21355,38.20624 L1)

*** subnet # 443
 HATCH OUTLINE(37.6525,34.18471 L1)

*** subnet # 444
 HATCH OUTLINE(38.5313,35.55586 L1)

*** subnet # 445
 HATCH OUTLINE(36.23169,34.9817 L1)

*** subnet # 446
 HATCH OUTLINE(36.3185,33.15571 L1)

*** subnet # 447
 HATCH OUTLINE(35.1206,33.26361 L1)

*** subnet # 448
 HATCH OUTLINE(46.16624,29.55124 L1)

*** subnet # 449
 HATCH OUTLINE(38.79633,63.43991 L1)

*** subnet # 450
 HATCH OUTLINE(46.30134,4.93604 L1)

*** subnet # 451
 HATCH OUTLINE(42.14523,12.49986 L1)

*** subnet # 452
 HATCH OUTLINE(28.79822,6.88115 L1)

*** subnet # 453
 HATCH OUTLINE(42.82251,9.55456 L1)

*** subnet # 454
 HATCH OUTLINE(24.84179,11.032 L1)

*** subnet # 455
 HATCH OUTLINE(32.37439,68.76001 L1)

*** subnet # 456
 HATCH OUTLINE(38.0208,43.04821 L1)

*** subnet # 457
 HATCH OUTLINE(39.1478,35.93986 L1)

*** subnet # 458
 HATCH OUTLINE(41.12497,31.29921 L1)

*** subnet # 459
 HATCH OUTLINE(44.40179,38.22809 L1)

*** subnet # 460
 HATCH OUTLINE(-0.79836,3.74837 L1)

*** subnet # 461
 HATCH OUTLINE(8.76897,-4.63106 L1)

*** subnet # 462
 HATCH OUTLINE(29.66948,38.43648 L1)

*** subnet # 463
 HATCH OUTLINE(24.05499,3.62314 L1)

*** subnet # 464
 HATCH OUTLINE(22.72379,59.08621 L1)

*** subnet # 465
 HATCH OUTLINE(10.99643,45.83421 L1)

*** subnet # 466
 HATCH OUTLINE(13.34971,41.63821 L1)

*** subnet # 467
 HATCH OUTLINE(21.35177,48.98 L1)

*** subnet # 468
 HATCH OUTLINE(18.75498,49.18321 L1)

*** subnet # 469
 HATCH OUTLINE(35.63819,39.6022 L1)

*** subnet # 470
 HATCH OUTLINE(39.87062,55.22501 L1)

*** subnet # 471
 HATCH OUTLINE(44.40179,52.86444 L1)

*** subnet # 472
 HATCH OUTLINE(44.40179,55.25321 L1)

*** subnet # 473
 HATCH OUTLINE(41.5504,57.62261 L1)

*** subnet # 474
 HATCH OUTLINE(29.7206,2.34361 L1)

*** subnet # 475
 HATCH OUTLINE(1.313,8.0826 L1)

*** subnet # 476
 HATCH OUTLINE(9.17,14.18035 L1)

*** subnet # 477
 HATCH OUTLINE(6.76679,38.49504 L1)

*** subnet # 478
 HATCH OUTLINE(9.0422,11.13169 L1)

*** subnet # 479
 HATCH OUTLINE(10.37,38.48035 L1)

*** subnet # 480
 HATCH OUTLINE(14.0156,39.00821 L1)

*** subnet # 481
 HATCH OUTLINE(24.19603,11.37821 L1)

*** subnet # 482
 HATCH OUTLINE(30.36772,22.37701 L1)

*** subnet # 483
 HATCH OUTLINE(2.00595,29.9944 L1)

*** subnet # 484
 HATCH OUTLINE(-5.38479,-4.48623 L2)

*** subnet # 485
 HATCH OUTLINE(22.72379,59.08621 L2)

*** subnet # 486
 HATCH OUTLINE(-5.38479,-4.48623 L9)

*** subnet # 487
 HATCH OUTLINE(22.72379,59.08621 L9)

*** subnet # 488
 HATCH OUTLINE(46.31821,29.71685 L10)

*** subnet # 489
 HATCH OUTLINE(46.31821,45.88348 L10)

*** subnet # 490
 HATCH OUTLINE(20.06122,61.26821 L10)

*** subnet # 491
 HATCH OUTLINE(19.27179,60.85821 L10)

*** subnet # 492
 HATCH OUTLINE(-4.50779,8.86837 L10)

*** subnet # 493
 HATCH OUTLINE(-4.50779,13.41182 L10)

*** subnet # 494
 HATCH OUTLINE(-3.72879,4.43821 L10)

*** subnet # 495
 HATCH OUTLINE(-5.38479,-4.48623 L10)

*** subnet # 496
 HATCH OUTLINE(-0.80896,35.08736 L10)

*** subnet # 497
 HATCH OUTLINE(-1.65821,33.34141 L10)

*** subnet # 498
 HATCH OUTLINE(-2.10821,33.917 L10)

*** subnet # 499
 HATCH OUTLINE(0.59867,32.07101 L10)

*** subnet # 500
 HATCH OUTLINE(0.78917,36.01332 L10)

*** subnet # 501
 HATCH OUTLINE(0.17499,8.33538 L10)

*** subnet # 502
 HATCH OUTLINE(0.83179,17.892 L10)

*** subnet # 503
 HATCH OUTLINE(0.73631,20.43106 L10)

*** subnet # 504
 HATCH OUTLINE(0.89788,21.57456 L10)

*** subnet # 505
 HATCH OUTLINE(-0.07501,18.11701 L10)

*** subnet # 506
 HATCH OUTLINE(-0.10166,18.95854 L10)

*** subnet # 507
 HATCH OUTLINE(-3.45321,14.4 L10)

*** subnet # 508
 HATCH OUTLINE(0.37454,39.65475 L10)

*** subnet # 509
 HATCH OUTLINE(-2.71083,34.43739 L10)

*** subnet # 510
 HATCH OUTLINE(-3.75943,34.91236 L10)

*** subnet # 511
 HATCH OUTLINE(2.13179,30.41281 L10)

*** subnet # 512
 HATCH OUTLINE(1.96779,32.63781 L10)

*** subnet # 513
 HATCH OUTLINE(1.55179,34.97822 L10)

*** subnet # 514
 HATCH OUTLINE(2.68179,31.73259 L10)

*** subnet # 515
 HATCH OUTLINE(4.68821,51.37314 L10)

*** subnet # 516
 HATCH OUTLINE(3.69179,51.50799 L10)

*** subnet # 517
 HATCH OUTLINE(1.84679,12.9 L10)

*** subnet # 518
 HATCH OUTLINE(2.02364,19.67365 L10)

*** subnet # 519
 HATCH OUTLINE(5.29202,52.94203 L10)

*** subnet # 520
 HATCH OUTLINE(5.54819,54.1322 L10)

*** subnet # 521
 HATCH OUTLINE(5.87301,16.58605 L10)

*** subnet # 522
 HATCH OUTLINE(5.35401,10.64378 L10)

*** subnet # 523
 HATCH OUTLINE(5.14259,5.92606 L10)

*** subnet # 524
 HATCH OUTLINE(5.14259,10.98641 L10)

*** subnet # 525
 HATCH OUTLINE(4.27173,9.22397 L10)

*** subnet # 526
 HATCH OUTLINE(5.3458,11.86141 L10)

*** subnet # 527
 HATCH OUTLINE(4.67524,12.64645 L10)

*** subnet # 528
 HATCH OUTLINE(5.23659,14.11263 L10)

*** subnet # 529
 HATCH OUTLINE(6.11796,17.91821 L10)

*** subnet # 530
 HATCH OUTLINE(4.51365,2.16366 L10)

*** subnet # 531
 HATCH OUTLINE(6.35259,12.505 L10)

*** subnet # 532
 HATCH OUTLINE(7.30179,14.11064 L10)

*** subnet # 533
 HATCH OUTLINE(2.81907,9.54161 L10)

*** subnet # 534
 HATCH OUTLINE(3.99736,14.15513 L10)

*** subnet # 535
 HATCH OUTLINE(3.99736,15.68528 L10)

*** subnet # 536
 HATCH OUTLINE(3.99736,16.55527 L10)

*** subnet # 537
 HATCH OUTLINE(2.00321,12.08786 L10)

*** subnet # 538
 HATCH OUTLINE(2.05,16.60321 L10)

*** subnet # 539
 HATCH OUTLINE(4.07775,19.60505 L10)

*** subnet # 540
 HATCH OUTLINE(7.9853,-3.6766 L10)

*** subnet # 541
 HATCH OUTLINE(7.33173,33.36201 L10)

*** subnet # 542
 HATCH OUTLINE(7.81739,36.6476 L10)

*** subnet # 543
 HATCH OUTLINE(6.84484,35.30522 L10)

*** subnet # 544
 HATCH OUTLINE(5.51739,33.2604 L10)

*** subnet # 545
 HATCH OUTLINE(8.20179,17.80321 L10)

*** subnet # 546
 HATCH OUTLINE(7.96482,19.70639 L10)

*** subnet # 547
 HATCH OUTLINE(7.90679,16.98943 L10)

*** subnet # 548
 HATCH OUTLINE(5.23276,-3.6874 L10)

*** subnet # 549
 HATCH OUTLINE(7.44949,17.71851 L10)

*** subnet # 550
 HATCH OUTLINE(8.79399,27.82501 L10)

*** subnet # 551
 HATCH OUTLINE(8.85484,29.9134 L10)

*** subnet # 552
 HATCH OUTLINE(8.99799,14.86572 L10)

*** subnet # 553
 HATCH OUTLINE(8.98861,16.4272 L10)

*** subnet # 554
 HATCH OUTLINE(8.98861,17.78738 L10)

*** subnet # 555
 HATCH OUTLINE(9.2278,26.41181 L10)

*** subnet # 556
 HATCH OUTLINE(9.79688,27.54845 L10)

*** subnet # 557
 HATCH OUTLINE(9.50484,29.84939 L10)

*** subnet # 558
 HATCH OUTLINE(9.67006,48.71791 L10)

*** subnet # 559
 HATCH OUTLINE(9.75288,41.14501 L10)

*** subnet # 560
 HATCH OUTLINE(8.85484,33.41455 L10)

*** subnet # 561
 HATCH OUTLINE(8.39972,32.90344 L10)

*** subnet # 562
 HATCH OUTLINE(8.16711,33.20046 L10)

*** subnet # 563
 HATCH OUTLINE(9.66741,37.66361 L10)

*** subnet # 564
 HATCH OUTLINE(10.6678,40.43821 L10)

*** subnet # 565
 HATCH OUTLINE(11.09699,41.30605 L10)

*** subnet # 566
 HATCH OUTLINE(10.86942,27.36361 L10)

*** subnet # 567
 HATCH OUTLINE(11.29805,35.50843 L10)

*** subnet # 568
 HATCH OUTLINE(10.15484,33.39812 L10)

*** subnet # 569
 HATCH OUTLINE(9.5,33.47416 L10)

*** subnet # 570
 HATCH OUTLINE(10.13015,35.92958 L10)

*** subnet # 571
 HATCH OUTLINE(10.13015,36.78386 L10)

*** subnet # 572
 HATCH OUTLINE(11.30319,37.66361 L10)

*** subnet # 573
 HATCH OUTLINE(11.28179,16.33181 L10)

*** subnet # 574
 HATCH OUTLINE(10.68179,15.6 L10)

*** subnet # 575
 HATCH OUTLINE(12.86992,51.79568 L10)

*** subnet # 576
 HATCH OUTLINE(13.25269,39.26594 L10)

*** subnet # 577
 HATCH OUTLINE(12.88979,38.03777 L10)

*** subnet # 578
 HATCH OUTLINE(12.08179,35.72186 L10)

*** subnet # 579
 HATCH OUTLINE(13.53679,-3.64639 L10)

*** subnet # 580
 HATCH OUTLINE(14.4523,46.60554 L10)

*** subnet # 581
 HATCH OUTLINE(13.20629,47.59613 L10)

*** subnet # 582
 HATCH OUTLINE(14.22679,49.09 L10)

*** subnet # 583
 HATCH OUTLINE(14.38726,53.29771 L10)

*** subnet # 584
 HATCH OUTLINE(14.48913,54.48421 L10)

*** subnet # 585
 HATCH OUTLINE(13.96484,54.87031 L10)

*** subnet # 586
 HATCH OUTLINE(13.86679,55.39263 L10)

*** subnet # 587
 HATCH OUTLINE(13.25353,53.04253 L10)

*** subnet # 588
 HATCH OUTLINE(13.2666,54.99671 L10)

*** subnet # 589
 HATCH OUTLINE(12.55013,54.69171 L10)

*** subnet # 590
 HATCH OUTLINE(12.09179,55.44426 L10)

*** subnet # 591
 HATCH OUTLINE(11.72666,53.09974 L10)

*** subnet # 592
 HATCH OUTLINE(11.14008,54.69171 L10)

*** subnet # 593
 HATCH OUTLINE(10.70379,54.12982 L10)

*** subnet # 594
 HATCH OUTLINE(10.0945,53.59117 L10)

*** subnet # 595
 HATCH OUTLINE(10.30119,54.90571 L10)

*** subnet # 596
 HATCH OUTLINE(10.30119,57.74857 L10)

*** subnet # 597
 HATCH OUTLINE(9.04179,54.65589 L10)

*** subnet # 598
 HATCH OUTLINE(7.69982,55.01321 L10)

*** subnet # 599
 HATCH OUTLINE(12.39087,50.25173 L10)

*** subnet # 600
 HATCH OUTLINE(13.14379,-2.54119 L10)

*** subnet # 601
 HATCH OUTLINE(15.70679,33.48142 L10)

*** subnet # 602
 HATCH OUTLINE(15.70679,35.44417 L10)

*** subnet # 603
 HATCH OUTLINE(15.70679,37.61871 L10)

*** subnet # 604
 HATCH OUTLINE(15.27539,38.32962 L10)

*** subnet # 605
 HATCH OUTLINE(14.98179,37.65987 L10)

*** subnet # 606
 HATCH OUTLINE(15.15021,39.65305 L10)

*** subnet # 607
 HATCH OUTLINE(13.71,35.86013 L10)

*** subnet # 608
 HATCH OUTLINE(13.37924,33.25879 L10)

*** subnet # 609
 HATCH OUTLINE(13.41739,36.6476 L10)

*** subnet # 610
 HATCH OUTLINE(14.10319,37.66361 L10)

*** subnet # 611
 HATCH OUTLINE(16.99904,15.35097 L10)

*** subnet # 612
 HATCH OUTLINE(16.99385,16.58568 L10)

*** subnet # 613
 HATCH OUTLINE(16.11364,11.76594 L10)

*** subnet # 614
 HATCH OUTLINE(16.57279,14.73081 L10)

*** subnet # 615
 HATCH OUTLINE(16.21658,12.88276 L10)

*** subnet # 616
 HATCH OUTLINE(15.60179,15.75885 L10)

*** subnet # 617
 HATCH OUTLINE(14.95382,4.20926 L10)

*** subnet # 618
 HATCH OUTLINE(12.01179,2.32651 L10)

*** subnet # 619
 HATCH OUTLINE(13.75623,7.85625 L10)

*** subnet # 620
 HATCH OUTLINE(10.33632,4.49821 L10)

*** subnet # 621
 HATCH OUTLINE(12.05019,5.38821 L10)

*** subnet # 622
 HATCH OUTLINE(12.36819,6.46821 L10)

*** subnet # 623
 HATCH OUTLINE(13.03402,8.92347 L10)

*** subnet # 624
 HATCH OUTLINE(13.23064,10.57768 L10)

*** subnet # 625
 HATCH OUTLINE(13.41622,11.62337 L10)

*** subnet # 626
 HATCH OUTLINE(11.79867,9.02821 L10)

*** subnet # 627
 HATCH OUTLINE(11.0676,10.83383 L10)

*** subnet # 628
 HATCH OUTLINE(12.25479,11.06462 L10)

*** subnet # 629
 HATCH OUTLINE(12.93681,13.45018 L10)

*** subnet # 630
 HATCH OUTLINE(17.37543,5.33048 L10)

*** subnet # 631
 HATCH OUTLINE(17.31127,6.3735 L10)

*** subnet # 632
 HATCH OUTLINE(16.31821,5.29055 L10)

*** subnet # 633
 HATCH OUTLINE(16.36923,7.25924 L10)

*** subnet # 634
 HATCH OUTLINE(15.09179,11.18732 L10)

*** subnet # 635
 HATCH OUTLINE(17.03743,8.66594 L10)

*** subnet # 636
 HATCH OUTLINE(17.28348,10.21821 L10)

*** subnet # 637
 HATCH OUTLINE(17.66179,12.88004 L10)

*** subnet # 638
 HATCH OUTLINE(17.66179,14.86105 L10)

*** subnet # 639
 HATCH OUTLINE(17.23319,-6.14824 L10)

*** subnet # 640
 HATCH OUTLINE(17.12679,-8.04698 L10)

*** subnet # 641
 HATCH OUTLINE(16.60824,-2.58671 L10)

*** subnet # 642
 HATCH OUTLINE(16.29616,-2.58671 L10)

*** subnet # 643
 HATCH OUTLINE(15.8576,-2.12525 L10)

*** subnet # 644
 HATCH OUTLINE(15.14179,-2.97286 L10)

*** subnet # 645
 HATCH OUTLINE(16.99321,27.71821 L10)

*** subnet # 646
 HATCH OUTLINE(16.5278,26.31181 L10)

*** subnet # 647
 HATCH OUTLINE(17,29.83709 L10)

*** subnet # 648
 HATCH OUTLINE(17.00679,32.24591 L10)

*** subnet # 649
 HATCH OUTLINE(17.00679,32.96491 L10)

*** subnet # 650
 HATCH OUTLINE(17.61739,36.6476 L10)

*** subnet # 651
 HATCH OUTLINE(17.08179,38.74501 L10)

*** subnet # 652
 HATCH OUTLINE(16.35679,27.71821 L10)

*** subnet # 653
 HATCH OUTLINE(15.63259,27.26361 L10)

*** subnet # 654
 HATCH OUTLINE(15.17081,24.80421 L10)

*** subnet # 655
 HATCH OUTLINE(16.45205,32.37852 L10)

*** subnet # 656
 HATCH OUTLINE(16.34321,33.54745 L10)

*** subnet # 657
 HATCH OUTLINE(16.35679,35.44417 L10)

*** subnet # 658
 HATCH OUTLINE(16.38179,37.65987 L10)

*** subnet # 659
 HATCH OUTLINE(16.08819,38.24182 L10)

*** subnet # 660
 HATCH OUTLINE(18.26313,10.21821 L10)

*** subnet # 661
 HATCH OUTLINE(18.53371,5.04017 L10)

*** subnet # 662
 HATCH OUTLINE(18.52719,5.73821 L10)

*** subnet # 663
 HATCH OUTLINE(17.25955,2.81921 L10)

*** subnet # 664
 HATCH OUTLINE(18.12527,7.04769 L10)

*** subnet # 665
 HATCH OUTLINE(17.40019,24.57521 L10)

*** subnet # 666
 HATCH OUTLINE(17.74641,26.89241 L10)

*** subnet # 667
 HATCH OUTLINE(17.998,45.58821 L10)

*** subnet # 668
 HATCH OUTLINE(18.6523,46.60554 L10)

*** subnet # 669
 HATCH OUTLINE(19.94138,-1.99495 L10)

*** subnet # 670
 HATCH OUTLINE(19.88819,33.1522 L10)

*** subnet # 671
 HATCH OUTLINE(19.64276,32.15271 L10)

*** subnet # 672
 HATCH OUTLINE(18.27976,25.91821 L10)

*** subnet # 673
 HATCH OUTLINE(18.44565,27.41838 L10)

*** subnet # 674
 HATCH OUTLINE(19.48179,27.37978 L10)

*** subnet # 675
 HATCH OUTLINE(19.48179,30.32589 L10)

*** subnet # 676
 HATCH OUTLINE(19.88819,34.5122 L10)

*** subnet # 677
 HATCH OUTLINE(17.64321,32.92269 L10)

*** subnet # 678
 HATCH OUTLINE(19.1396,35.91261 L10)

*** subnet # 679
 HATCH OUTLINE(20.027,46.00941 L10)

*** subnet # 680
 HATCH OUTLINE(20.85589,55.12944 L10)

*** subnet # 681
 HATCH OUTLINE(19.15179,50.01079 L10)

*** subnet # 682
 HATCH OUTLINE(19.79665,53.10241 L10)

*** subnet # 683
 HATCH OUTLINE(20.17829,55.863 L10)

*** subnet # 684
 HATCH OUTLINE(20.21411,56.62821 L10)

*** subnet # 685
 HATCH OUTLINE(18.78821,54.87627 L10)

*** subnet # 686
 HATCH OUTLINE(18.78229,55.2148 L10)

*** subnet # 687
 HATCH OUTLINE(18.10173,49.43174 L10)

*** subnet # 688
 HATCH OUTLINE(18.29679,51.62321 L10)

*** subnet # 689
 HATCH OUTLINE(18.43885,53.40811 L10)

*** subnet # 690
 HATCH OUTLINE(18.38729,55.68646 L10)

*** subnet # 691
 HATCH OUTLINE(18.38729,56.513 L10)

*** subnet # 692
 HATCH OUTLINE(17.69191,47.55734 L10)

*** subnet # 693
 HATCH OUTLINE(17.28914,53.88909 L10)

*** subnet # 694
 HATCH OUTLINE(18.15179,54.87842 L10)

*** subnet # 695
 HATCH OUTLINE(16.54419,53.09131 L10)

*** subnet # 696
 HATCH OUTLINE(16.00629,47.5536 L10)

*** subnet # 697
 HATCH OUTLINE(15.99375,55.38637 L10)

*** subnet # 698
 HATCH OUTLINE(15.88914,53.88909 L10)

*** subnet # 699
 HATCH OUTLINE(22.237,52.00321 L10)

*** subnet # 700
 HATCH OUTLINE(22.54179,54.53421 L10)

*** subnet # 701
 HATCH OUTLINE(23.14516,19.23658 L10)

*** subnet # 702
 HATCH OUTLINE(22.99447,18.94659 L10)

*** subnet # 703
 HATCH OUTLINE(23.74781,20.00321 L10)

*** subnet # 704
 HATCH OUTLINE(23.58299,22.07501 L10)

*** subnet # 705
 HATCH OUTLINE(23.27199,21.09676 L10)

*** subnet # 706
 HATCH OUTLINE(23.84679,23 L10)

*** subnet # 707
 HATCH OUTLINE(23.07677,-6.14818 L10)

*** subnet # 708
 HATCH OUTLINE(22.02677,-5.49669 L10)

*** subnet # 709
 HATCH OUTLINE(23.0236,6.36041 L10)

*** subnet # 710
 HATCH OUTLINE(23.62182,42.18941 L10)

*** subnet # 711
 HATCH OUTLINE(23.62182,43.00775 L10)

*** subnet # 712
 HATCH OUTLINE(24.13179,44.36587 L10)

*** subnet # 713
 HATCH OUTLINE(23.19836,41.40336 L10)

*** subnet # 714
 HATCH OUTLINE(22.41621,33.86286 L10)

*** subnet # 715
 HATCH OUTLINE(21.45779,3.65887 L10)

*** subnet # 716
 HATCH OUTLINE(21.2817,5.57721 L10)

*** subnet # 717
 HATCH OUTLINE(20.59679,7.69322 L10)

*** subnet # 718
 HATCH OUTLINE(19.86477,-0.63022 L10)

*** subnet # 719
 HATCH OUTLINE(18.32677,-5.54992 L10)

*** subnet # 720
 HATCH OUTLINE(18.28319,-4.76666 L10)

*** subnet # 721
 HATCH OUTLINE(20.11479,3.65587 L10)

*** subnet # 722
 HATCH OUTLINE(19.38,6.37921 L10)

*** subnet # 723
 HATCH OUTLINE(18.6666,3.54821 L10)

*** subnet # 724
 HATCH OUTLINE(19.78261,14.54344 L10)

*** subnet # 725
 HATCH OUTLINE(19.64437,15.65294 L10)

*** subnet # 726
 HATCH OUTLINE(17.20921,14.73257 L10)

*** subnet # 727
 HATCH OUTLINE(21.15239,31.10675 L10)

*** subnet # 728
 HATCH OUTLINE(21.77979,36.286 L10)

*** subnet # 729
 HATCH OUTLINE(21.717,40.01944 L10)

*** subnet # 730
 HATCH OUTLINE(22.28692,41.56701 L10)

*** subnet # 731
 HATCH OUTLINE(21.47602,42.62535 L10)

*** subnet # 732
 HATCH OUTLINE(21.10771,40.62019 L10)

*** subnet # 733
 HATCH OUTLINE(19.40592,41.38701 L10)

*** subnet # 734
 HATCH OUTLINE(24.62179,33.16321 L10)

*** subnet # 735
 HATCH OUTLINE(24.33679,34.56611 L10)

*** subnet # 736
 HATCH OUTLINE(23.85458,33.91744 L10)

*** subnet # 737
 HATCH OUTLINE(23.43079,25.41384 L10)

*** subnet # 738
 HATCH OUTLINE(22.28179,21.63473 L10)

*** subnet # 739
 HATCH OUTLINE(22.17581,22.69017 L10)

*** subnet # 740
 HATCH OUTLINE(22.3206,23.56361 L10)

*** subnet # 741
 HATCH OUTLINE(23.26419,31.41886 L10)

*** subnet # 742
 HATCH OUTLINE(23.26419,32.55433 L10)

*** subnet # 743
 HATCH OUTLINE(24.07439,35.23442 L10)

*** subnet # 744
 HATCH OUTLINE(25.28181,27.14718 L10)

*** subnet # 745
 HATCH OUTLINE(25.41687,29.63513 L10)

*** subnet # 746
 HATCH OUTLINE(25.31739,29.23817 L10)

*** subnet # 747
 HATCH OUTLINE(25.25494,30.04891 L10)

*** subnet # 748
 HATCH OUTLINE(25.21731,31.46321 L10)

*** subnet # 749
 HATCH OUTLINE(25.71424,15.31261 L10)

*** subnet # 750
 HATCH OUTLINE(25.72131,16.21126 L10)

*** subnet # 751
 HATCH OUTLINE(25.05,24.70321 L10)

*** subnet # 752
 HATCH OUTLINE(25.3,25.95321 L10)

*** subnet # 753
 HATCH OUTLINE(24.68571,15.08029 L10)

*** subnet # 754
 HATCH OUTLINE(23.97679,16.72 L10)

*** subnet # 755
 HATCH OUTLINE(24.58319,17.57321 L10)

*** subnet # 756
 HATCH OUTLINE(23.30379,14.96187 L10)

*** subnet # 757
 HATCH OUTLINE(23.30379,15.91796 L10)

*** subnet # 758
 HATCH OUTLINE(25.55375,19.20377 L10)

*** subnet # 759
 HATCH OUTLINE(25.96942,27.2306 L10)

*** subnet # 760
 HATCH OUTLINE(25.11171,61.14092 L10)

*** subnet # 761
 HATCH OUTLINE(22.726,60.45821 L10)

*** subnet # 762
 HATCH OUTLINE(24.85581,38.53759 L10)

*** subnet # 763
 HATCH OUTLINE(26.72185,-3.5817 L10)

*** subnet # 764
 HATCH OUTLINE(24.25819,-4.54101 L10)

*** subnet # 765
 HATCH OUTLINE(24.25819,-4.17341 L10)

*** subnet # 766
 HATCH OUTLINE(26.84161,41.41863 L10)

*** subnet # 767
 HATCH OUTLINE(26.26625,43.57377 L10)

*** subnet # 768
 HATCH OUTLINE(26.57739,5.6276 L10)

*** subnet # 769
 HATCH OUTLINE(27.94593,41.21543 L10)

*** subnet # 770
 HATCH OUTLINE(28.86639,14.99601 L10)

*** subnet # 771
 HATCH OUTLINE(30.12614,59.51821 L10)

*** subnet # 772
 HATCH OUTLINE(30.13621,62.12547 L10)

*** subnet # 773
 HATCH OUTLINE(30.14037,62.77821 L10)

*** subnet # 774
 HATCH OUTLINE(30.151,27.38897 L10)

*** subnet # 775
 HATCH OUTLINE(29.64939,25.56821 L10)

*** subnet # 776
 HATCH OUTLINE(28.30379,15.36481 L10)

*** subnet # 777
 HATCH OUTLINE(26.38247,15.46679 L10)

*** subnet # 778
 HATCH OUTLINE(26.18124,12.91574 L10)

*** subnet # 779
 HATCH OUTLINE(25.67488,13.89414 L10)

*** subnet # 780
 HATCH OUTLINE(26.07679,16.72 L10)

*** subnet # 781
 HATCH OUTLINE(27.48,17.55321 L10)

*** subnet # 782
 HATCH OUTLINE(28.74719,18.51821 L10)

*** subnet # 783
 HATCH OUTLINE(30.26739,28.6676 L10)

*** subnet # 784
 HATCH OUTLINE(30.4706,29.68361 L10)

*** subnet # 785
 HATCH OUTLINE(28.08179,27.53181 L10)

*** subnet # 786
 HATCH OUTLINE(29.14579,30.41291 L10)

*** subnet # 787
 HATCH OUTLINE(27.38957,29.91821 L10)

*** subnet # 788
 HATCH OUTLINE(27.14039,27.49614 L10)

*** subnet # 789
 HATCH OUTLINE(29.59063,42.51829 L10)

*** subnet # 790
 HATCH OUTLINE(31.26759,47.07333 L10)

*** subnet # 791
 HATCH OUTLINE(31.38179,48.96348 L10)

*** subnet # 792
 HATCH OUTLINE(31.54547,30.31875 L10)

*** subnet # 793
 HATCH OUTLINE(31.37821,32.14055 L10)

*** subnet # 794
 HATCH OUTLINE(29.81819,15.3822 L10)

*** subnet # 795
 HATCH OUTLINE(30.79179,18.27527 L10)

*** subnet # 796
 HATCH OUTLINE(31.81279,36.35406 L10)

*** subnet # 797
 HATCH OUTLINE(31.96198,64.63441 L10)

*** subnet # 798
 HATCH OUTLINE(32.6781,67.57344 L10)

*** subnet # 799
 HATCH OUTLINE(31.7129,68.09416 L10)

*** subnet # 800
 HATCH OUTLINE(32.94719,27.91821 L10)

*** subnet # 801
 HATCH OUTLINE(32.89041,29.82297 L10)

*** subnet # 802
 HATCH OUTLINE(32.89041,30.23324 L10)

*** subnet # 803
 HATCH OUTLINE(31.89699,29.13497 L10)

*** subnet # 804
 HATCH OUTLINE(33.32406,8.08321 L10)

*** subnet # 805
 HATCH OUTLINE(32.43557,8.27007 L10)

*** subnet # 806
 HATCH OUTLINE(32.62679,9.58 L10)

*** subnet # 807
 HATCH OUTLINE(32.83,11.48321 L10)

*** subnet # 808
 HATCH OUTLINE(33.5145,20.25261 L10)

*** subnet # 809
 HATCH OUTLINE(33.40658,19.20563 L10)

*** subnet # 810
 HATCH OUTLINE(33.10318,23.09271 L10)

*** subnet # 811
 HATCH OUTLINE(32.46013,20.08821 L10)

*** subnet # 812
 HATCH OUTLINE(32.41177,23.19765 L10)

*** subnet # 813
 HATCH OUTLINE(32.07499,21.72501 L10)

*** subnet # 814
 HATCH OUTLINE(33.40339,24.2038 L10)

*** subnet # 815
 HATCH OUTLINE(33.1628,24.21421 L10)

*** subnet # 816
 HATCH OUTLINE(30.86309,21.52652 L10)

*** subnet # 817
 HATCH OUTLINE(30.87187,23 L10)

*** subnet # 818
 HATCH OUTLINE(30.55321,22.92289 L10)

*** subnet # 819
 HATCH OUTLINE(31.19791,23.48264 L10)

*** subnet # 820
 HATCH OUTLINE(29.30321,20.26821 L10)

*** subnet # 821
 HATCH OUTLINE(32.47567,13.73568 L10)

*** subnet # 822
 HATCH OUTLINE(30.69659,13.18321 L10)

*** subnet # 823
 HATCH OUTLINE(34.97379,15.02821 L10)

*** subnet # 824
 HATCH OUTLINE(33.84679,15.925 L10)

*** subnet # 825
 HATCH OUTLINE(35.58179,16.15667 L10)

*** subnet # 826
 HATCH OUTLINE(35.20287,19.33925 L10)

*** subnet # 827
 HATCH OUTLINE(35.28764,21.13846 L10)

*** subnet # 828
 HATCH OUTLINE(35.13179,18.01102 L10)

*** subnet # 829
 HATCH OUTLINE(35.09064,20.55623 L10)

*** subnet # 830
 HATCH OUTLINE(34.23179,7.97202 L10)

*** subnet # 831
 HATCH OUTLINE(35.28639,11.48862 L10)

*** subnet # 832
 HATCH OUTLINE(35.67499,13.65001 L10)

*** subnet # 833
 HATCH OUTLINE(35.93741,2.95438 L10)

*** subnet # 834
 HATCH OUTLINE(36.18334,5.09026 L10)

*** subnet # 835
 HATCH OUTLINE(36.54679,6.925 L10)

*** subnet # 836
 HATCH OUTLINE(35.92842,7.50877 L10)

*** subnet # 837
 HATCH OUTLINE(35.74931,5.11778 L10)

*** subnet # 838
 HATCH OUTLINE(34.8198,4.11661 L10)

*** subnet # 839
 HATCH OUTLINE(34.61659,3.67087 L10)

*** subnet # 840
 HATCH OUTLINE(35.09014,4.9194 L10)

*** subnet # 841
 HATCH OUTLINE(35.55859,6.27261 L10)

*** subnet # 842
 HATCH OUTLINE(36.54679,12.925 L10)

*** subnet # 843
 HATCH OUTLINE(37.94679,47.09 L10)

*** subnet # 844
 HATCH OUTLINE(38.06179,48.05006 L10)

*** subnet # 845
 HATCH OUTLINE(36.70821,48.56761 L10)

*** subnet # 846
 HATCH OUTLINE(35.20919,45.94621 L10)

*** subnet # 847
 HATCH OUTLINE(31.71704,42.45405 L10)

*** subnet # 848
 HATCH OUTLINE(31.09383,41.30203 L10)

*** subnet # 849
 HATCH OUTLINE(31.32275,42.05977 L10)

*** subnet # 850
 HATCH OUTLINE(30.86383,43.20203 L10)

*** subnet # 851
 HATCH OUTLINE(30.65383,39.86264 L10)

*** subnet # 852
 HATCH OUTLINE(30.33563,41.26149 L10)

*** subnet # 853
 HATCH OUTLINE(30.33563,42.21849 L10)

*** subnet # 854
 HATCH OUTLINE(33.77519,44.51221 L10)

*** subnet # 855
 HATCH OUTLINE(34.34679,45.9782 L10)

*** subnet # 856
 HATCH OUTLINE(34.34679,47.29843 L10)

*** subnet # 857
 HATCH OUTLINE(36.55439,51.0064 L10)

*** subnet # 858
 HATCH OUTLINE(36.55439,52.15381 L10)

*** subnet # 859
 HATCH OUTLINE(36.32884,54.15221 L10)

*** subnet # 860
 HATCH OUTLINE(34.08224,52.89203 L10)

*** subnet # 861
 HATCH OUTLINE(33.31744,52.12723 L10)

*** subnet # 862
 HATCH OUTLINE(33.29179,45.64834 L10)

*** subnet # 863
 HATCH OUTLINE(32.38499,51.19478 L10)

*** subnet # 864
 HATCH OUTLINE(31.26094,54.91701 L10)

*** subnet # 865
 HATCH OUTLINE(33.67444,55.81721 L10)

*** subnet # 866
 HATCH OUTLINE(37.29499,60.81951 L10)

*** subnet # 867
 HATCH OUTLINE(37.65479,62.23119 L10)

*** subnet # 868
 HATCH OUTLINE(37.42179,65.37181 L10)

*** subnet # 869
 HATCH OUTLINE(36.11638,60.43744 L10)

*** subnet # 870
 HATCH OUTLINE(36.34848,61.33325 L10)

*** subnet # 871
 HATCH OUTLINE(35.7,59.06032 L10)

*** subnet # 872
 HATCH OUTLINE(36.34679,63.25711 L10)

*** subnet # 873
 HATCH OUTLINE(35.28794,60.78291 L10)

*** subnet # 874
 HATCH OUTLINE(36.49855,67.00625 L10)

*** subnet # 875
 HATCH OUTLINE(31.975,65.26039 L10)

*** subnet # 876
 HATCH OUTLINE(34.54439,65.46191 L10)

*** subnet # 877
 HATCH OUTLINE(34.03679,66.69 L10)

*** subnet # 878
 HATCH OUTLINE(33.13447,66.70821 L10)

*** subnet # 879
 HATCH OUTLINE(38.67079,2.15781 L10)

*** subnet # 880
 HATCH OUTLINE(38.55485,4.11661 L10)

*** subnet # 881
 HATCH OUTLINE(32.51119,-6.9684 L10)

*** subnet # 882
 HATCH OUTLINE(37.88259,2.61324 L10)

*** subnet # 883
 HATCH OUTLINE(38.22358,5.00035 L10)

*** subnet # 884
 HATCH OUTLINE(38.64759,12.71556 L10)

*** subnet # 885
 HATCH OUTLINE(38.71339,15.51821 L10)

*** subnet # 886
 HATCH OUTLINE(38.2278,10.51181 L10)

*** subnet # 887
 HATCH OUTLINE(37.92911,12.05273 L10)

*** subnet # 888
 HATCH OUTLINE(38.21739,13.4476 L10)

*** subnet # 889
 HATCH OUTLINE(37.95321,14.58526 L10)

*** subnet # 890
 HATCH OUTLINE(38.21739,16.82462 L10)

*** subnet # 891
 HATCH OUTLINE(38.21739,7.4476 L10)

*** subnet # 892
 HATCH OUTLINE(38.99846,8.46271 L10)

*** subnet # 893
 HATCH OUTLINE(38.77897,63.20321 L10)

*** subnet # 894
 HATCH OUTLINE(37.83821,55.21301 L10)

*** subnet # 895
 HATCH OUTLINE(37.83821,55.68928 L10)

*** subnet # 896
 HATCH OUTLINE(37.83304,57.88481 L10)

*** subnet # 897
 HATCH OUTLINE(38.17012,60.31902 L10)

*** subnet # 898
 HATCH OUTLINE(38.16693,62.84115 L10)

*** subnet # 899
 HATCH OUTLINE(39.53429,1.90681 L10)

*** subnet # 900
 HATCH OUTLINE(40.05979,4.81741 L10)

*** subnet # 901
 HATCH OUTLINE(40.32339,11.18838 L10)

*** subnet # 902
 HATCH OUTLINE(39.7697,57.38905 L10)

*** subnet # 903
 HATCH OUTLINE(39.05836,58.20165 L10)

*** subnet # 904
 HATCH OUTLINE(40.19296,58.99604 L10)

*** subnet # 905
 HATCH OUTLINE(39.36419,61.89617 L10)

*** subnet # 906
 HATCH OUTLINE(40.97635,66.89798 L10)

*** subnet # 907
 HATCH OUTLINE(39.9664,67.27531 L10)

*** subnet # 908
 HATCH OUTLINE(38.34321,66.90821 L10)

*** subnet # 909
 HATCH OUTLINE(40.28819,24.4422 L10)

*** subnet # 910
 HATCH OUTLINE(40.03844,23.39271 L10)

*** subnet # 911
 HATCH OUTLINE(39.875,21.56101 L10)

*** subnet # 912
 HATCH OUTLINE(38.69261,22.75706 L10)

*** subnet # 913
 HATCH OUTLINE(38.6822,22.20181 L10)

*** subnet # 914
 HATCH OUTLINE(38.62381,22.29 L10)

*** subnet # 915
 HATCH OUTLINE(36.91944,18.56567 L10)

*** subnet # 916
 HATCH OUTLINE(37.7378,22.20181 L10)

*** subnet # 917
 HATCH OUTLINE(41.16594,63.12321 L10)

*** subnet # 918
 HATCH OUTLINE(38.19128,49.24365 L10)

*** subnet # 919
 HATCH OUTLINE(37.94679,50.68 L10)

*** subnet # 920
 HATCH OUTLINE(40.98609,52.32821 L10)

*** subnet # 921
 HATCH OUTLINE(37.19081,50.14843 L10)

*** subnet # 922
 HATCH OUTLINE(41.43179,53.94745 L10)

*** subnet # 923
 HATCH OUTLINE(41.829,3.68081 L10)

*** subnet # 924
 HATCH OUTLINE(42.53179,5.6 L10)

*** subnet # 925
 HATCH OUTLINE(41.03659,6.60541 L10)

*** subnet # 926
 HATCH OUTLINE(41.70457,8.42501 L10)

*** subnet # 927
 HATCH OUTLINE(42.76579,9.76656 L10)

*** subnet # 928
 HATCH OUTLINE(41.68446,21.42008 L10)

*** subnet # 929
 HATCH OUTLINE(43.44493,42.03821 L10)

*** subnet # 930
 HATCH OUTLINE(42.67919,39.00421 L10)

*** subnet # 931
 HATCH OUTLINE(43.65179,35.52212 L10)

*** subnet # 932
 HATCH OUTLINE(42.08179,16.05281 L10)

*** subnet # 933
 HATCH OUTLINE(41.63821,19.08084 L10)

*** subnet # 934
 HATCH OUTLINE(39.58821,16.8745 L10)

*** subnet # 935
 HATCH OUTLINE(39.18261,16.00262 L10)

*** subnet # 936
 HATCH OUTLINE(41.29466,18.06821 L10)

*** subnet # 937
 HATCH OUTLINE(44.409,6.63989 L10)

*** subnet # 938
 HATCH OUTLINE(42.68179,2.1588 L10)

*** subnet # 939
 HATCH OUTLINE(44.25879,8.38081 L10)

*** subnet # 940
 HATCH OUTLINE(44.21121,61.9259 L10)

*** subnet # 941
 HATCH OUTLINE(43.56859,58.12501 L10)

*** subnet # 942
 HATCH OUTLINE(44.28819,56.3722 L10)

*** subnet # 943
 HATCH OUTLINE(45.14779,58.27137 L10)

*** subnet # 944
 HATCH OUTLINE(44.01843,58.57484 L10)

*** subnet # 945
 HATCH OUTLINE(46.16379,5.36852 L10)

*** subnet # 946
 HATCH OUTLINE(45.94354,31.19364 L10)

*** subnet # 947
 HATCH OUTLINE(18.2307,-0.09479 L10)

*** subnet # 948
 HATCH OUTLINE(23.44239,9.35675 L10)

*** subnet # 949
 HATCH OUTLINE(33.84679,17.52181 L10)

*** subnet # 950
 HATCH OUTLINE(33.5048,14.89362 L10)

*** subnet # 951
 HATCH OUTLINE(35.28179,9.03181 L10)

*** subnet # 952
 HATCH OUTLINE(36.43193,22.68669 L10)

*** subnet # 953
 HATCH OUTLINE(39.88429,58.20165 L10)

*** subnet # 954
 HATCH OUTLINE(31.12103,9.78321 L10)

*** subnet # 955
 HATCH OUTLINE(20.19679,4.6502 L10)

*** subnet # 956
 HATCH OUTLINE(20.18497,8.13742 L10)

*** subnet # 957
 HATCH OUTLINE(19.83081,1.15374 L10)

*** subnet # 958
 HATCH OUTLINE(5.87301,15.78605 L10)

*** subnet # 959
 HATCH OUTLINE(7.46361,14.85311 L10)

*** subnet # 960
 HATCH OUTLINE(43.46473,53.39058 L10)

*** subnet # 961
 HATCH OUTLINE(12.42179,45.02321 L10)

*** subnet # 962
 HATCH OUTLINE(45.9771,61.34678 L10)

*** subnet # 963
 HATCH OUTLINE(31.72055,64.46347 L10)

*** subnet # 964
 HATCH OUTLINE(33.13396,63.9805 L10)

*** subnet # 965
 HATCH OUTLINE(20.95288,62.09361 L10)

*** subnet # 966
 HATCH OUTLINE(22.72379,59.79121 L10)

*** subnet # 967
 HATCH OUTLINE(34.24,67.89321 L10)

*** subnet # 968
 HATCH OUTLINE(21.53939,23.54117 L10)

*** subnet # 969
 HATCH OUTLINE(23.34722,3.36316 L10)

*** subnet # 970
 HATCH OUTLINE(26.99343,43.42523 L10)

*** subnet # 971
 HATCH OUTLINE(31.38179,48.01006 L10)

*** subnet # 972
 HATCH OUTLINE(35.20919,48.08321 L10)

*** subnet # 973
 HATCH OUTLINE(34.55,49.58321 L10)

*** subnet # 974
 HATCH OUTLINE(37.33284,54.66324 L10)

*** subnet # 975
 HATCH OUTLINE(13.07179,16.48017 L10)

*** subnet # 976
 HATCH OUTLINE(40.13499,44.9558 L10)

*** subnet # 977
 HATCH OUTLINE(9.39989,57.97676 L10)

*** subnet # 978
 HATCH OUTLINE(41.89179,48.93181 L10)

*** subnet # 979
 HATCH OUTLINE(41.89179,50.34219 L10)

*** subnet # 980
 HATCH OUTLINE(-4.4794,16.56361 L10)

*** subnet # 981
 HATCH OUTLINE(-0.05853,21.79149 L10)

*** subnet # 982
 HATCH OUTLINE(-1.80069,11.08192 L10)

*** subnet # 983
 HATCH OUTLINE(2.97499,11.92741 L10)

*** subnet # 984
 HATCH OUTLINE(11.28179,17.7901 L10)

*** subnet # 985
 HATCH OUTLINE(44.24923,-6.79678 L10)

*** subnet # 986
 HATCH OUTLINE(46.16379,7.97284 L10)

*** subnet # 987
 HATCH OUTLINE(46.31821,52.3983 L10)

*** subnet # 988
 HATCH OUTLINE(40.18179,64.82541 L10)

*** subnet # 989
 HATCH OUTLINE(21.81179,10.32444 L10)

*** subnet # 990
 HATCH OUTLINE(33.38179,32.79095 L10)

*** subnet # 991
 HATCH OUTLINE(43.55827,42.91915 L10)

*** subnet # 992
 HATCH OUTLINE(45.68179,18.23181 L10)

*** subnet # 993
 HATCH OUTLINE(31.01338,36.3578 L10)

*** subnet # 994
 HATCH OUTLINE(-1.05532,8.38468 L10)

*** subnet # 995
 HATCH OUTLINE(-1.0239,8.75399 L10)

*** subnet # 996
 HATCH OUTLINE(2.07416,9.3 L10)

*** subnet # 997
 HATCH OUTLINE(5.81816,-5.11566 L10)

*** subnet # 998
 HATCH OUTLINE(6.61279,-3.83125 L10)

*** subnet # 999
 HATCH OUTLINE(11.74679,-5.075 L10)

*** subnet # 1000
 HATCH OUTLINE(15.06597,5.08549 L10)


Isolated subnets for: LGND

*** subnet # 1
 HATCH OUTLINE(-5.38479,-4.48623 L6)

*** subnet # 2
 HATCH OUTLINE(-5.38479,-4.48623 L6)

*** subnet # 3
 HATCH OUTLINE(22.72379,59.08621 L6)

*** subnet # 4
 HATCH OUTLINE(22.72379,59.08621 L6)


Isolated subnets for: 3V3_SD

*** subnet # 1
 HATCH OUTLINE(33.4762,57.38995 L5)

*** subnet # 2
 HATCH OUTLINE(33.4762,57.92568 L5)

*** subnet # 3
 HATCH OUTLINE(26.1762,43.57404 L5)


Isolated subnets for: 3V3_NRF

*** subnet # 1
 HATCH OUTLINE(12.4238,10.08915 L5)

*** subnet # 2
 HATCH OUTLINE(29.3238,46.2762 L5)


Isolated subnets for: MBATT

*** subnet # 1
 HATCH OUTLINE(40.9456,-7.3238 L5)


Isolated subnets for: 3V_SWPWR

*** subnet # 1
 HATCH OUTLINE(12.4238,42.07551 L5)


Isolated subnets for: BTN_PWR_FEED

*** subnet # 1
 HATCH OUTLINE(17.6762,32.93293 L5)


Isolated subnets for: GPS_IO_PWR

*** subnet # 1
 HATCH OUTLINE(30.9238,56.7893 L5)

