

DFF ERRORS REPORT -- Q10-Prelim.pcb -- Tue Apr 18 13:09:20 2017


(1011.17,58.79) DFF Error: Sliver on Ground 1
(1014.83,63.21) DFF Error: Sliver on Ground 1
(310.36,2581.64) DFF Error: Sliver on Ground 1
(310.36,2558.36) DFF Error: Sliver on Ground 1
(387.36,2588.64) DFF Error: Sliver on Ground 1
(419.64,2588.64) DFF Error: Sliver on Ground 1
(833.36,2570.36) DFF Error: Sliver on Ground 1
(932.36,2526.64) DFF Error: Sliver on Ground 1
(932.36,2494.36) DFF Error: Sliver on Ground 1
(1108.64,2570.36) DFF Error: Sliver on Ground 1
(1301.64,2526.64) DFF Error: Sliver on Ground 1
(1334.36,2537.64) DFF Error: Sliver on Ground 1
(1334.36,2481.36) DFF Error: Sliver on Ground 1
(1344.36,2464.64) DFF Error: Sliver on Ground 1
(1377.64,2537.64) DFF Error: Sliver on Ground 1
(1389.64,2464.64) DFF Error: Sliver on Ground 1
(1403.36,2389.36) DFF Error: Sliver on Ground 1
(1411.36,2621.64) DFF Error: Sliver on Ground 1
(1430.36,2705.64) DFF Error: Sliver on Ground 1
(1430.36,2662.36) DFF Error: Sliver on Ground 1
(1435.64,2389.36) DFF Error: Sliver on Ground 1
(1487.64,2621.64) DFF Error: Sliver on Ground 1
(1546.29,2711.53) DFF Error: Sliver on Ground 1
(1545.29,2668.47) DFF Error: Sliver on Ground 1
(1567.36,2618.36) DFF Error: Sliver on Ground 1
(1588.64,2711.64) DFF Error: Sliver on Ground 1
(1588.64,2618.36) DFF Error: Sliver on Ground 1
(1011.17,58.79) DFF Error: Sliver on Ground 2
(1014.83,63.21) DFF Error: Sliver on Ground 2
(-186.64,989.64) DFF Error: Sliver on Ground 2
(-144.64,408.64) DFF Error: Sliver on Ground 2
(-144.64,352.36) DFF Error: Sliver on Ground 2
(-91.36,408.64) DFF Error: Sliver on Ground 2
(-91.36,352.36) DFF Error: Sliver on Ground 2
(-3.36,1028.64) DFF Error: Sliver on Ground 2
(-3.36,975.36) DFF Error: Sliver on Ground 2
(310.36,2581.64) DFF Error: Sliver on Ground 2
(310.36,2558.36) DFF Error: Sliver on Ground 2
(387.36,2588.64) DFF Error: Sliver on Ground 2
(419.64,2588.64) DFF Error: Sliver on Ground 2
(523.92,2398.9) DFF Error: Sliver on Ground 2
(833.36,2570.36) DFF Error: Sliver on Ground 2
(932.36,2526.64) DFF Error: Sliver on Ground 2
(932.36,2494.36) DFF Error: Sliver on Ground 2
(1108.64,2570.36) DFF Error: Sliver on Ground 2
(1301.64,2526.64) DFF Error: Sliver on Ground 2
(1334.36,2537.64) DFF Error: Sliver on Ground 2
(1389.64,2464.64) DFF Error: Sliver on Ground 2
(1430.36,2705.64) DFF Error: Sliver on Ground 2
(1487.64,2621.64) DFF Error: Sliver on Ground 2
(1546.29,2711.53) DFF Error: Sliver on Ground 2
(1567.36,2618.36) DFF Error: Sliver on Ground 2
(1588.64,2711.64) DFF Error: Sliver on Ground 2
(1588.64,2618.36) DFF Error: Sliver on Ground 2
(1011.17,58.79) DFF Error: Sliver on Ground 3
(1014.83,63.21) DFF Error: Sliver on Ground 3
(310.36,2581.64) DFF Error: Sliver on Ground 3
(310.36,2558.36) DFF Error: Sliver on Ground 3
(387.36,2588.64) DFF Error: Sliver on Ground 3
(419.64,2588.64) DFF Error: Sliver on Ground 3
(833.36,2570.36) DFF Error: Sliver on Ground 3
(932.36,2526.64) DFF Error: Sliver on Ground 3
(932.36,2494.36) DFF Error: Sliver on Ground 3
(1108.64,2570.36) DFF Error: Sliver on Ground 3
(1301.64,2526.64) DFF Error: Sliver on Ground 3
(1334.36,2537.64) DFF Error: Sliver on Ground 3
(1334.36,2481.36) DFF Error: Sliver on Ground 3
(1344.36,2464.64) DFF Error: Sliver on Ground 3
(1377.64,2537.64) DFF Error: Sliver on Ground 3
(1389.64,2464.64) DFF Error: Sliver on Ground 3
(1403.36,2389.36) DFF Error: Sliver on Ground 3
(1411.36,2621.64) DFF Error: Sliver on Ground 3
(1430.36,2705.64) DFF Error: Sliver on Ground 3
(1430.36,2662.36) DFF Error: Sliver on Ground 3
(1435.64,2389.36) DFF Error: Sliver on Ground 3
(1487.64,2621.64) DFF Error: Sliver on Ground 3
(1546.29,2711.53) DFF Error: Sliver on Ground 3
(1545.29,2668.47) DFF Error: Sliver on Ground 3
(1567.36,2618.36) DFF Error: Sliver on Ground 3
(1588.64,2711.64) DFF Error: Sliver on Ground 3
(1588.64,2618.36) DFF Error: Sliver on Ground 3
(1035.9,116.28) DFF Error: Sliver on Bottom
(1108.64,2570.36) DFF Error: Sliver on Bottom
(1301.64,2526.64) DFF Error: Sliver on Bottom
(1344.64,1864.64) DFF Error: Sliver on Bottom
(1344.64,1389.36) DFF Error: Sliver on Bottom
(1430.36,2705.64) DFF Error: Sliver on Bottom
(1430.36,2662.36) DFF Error: Sliver on Bottom
(1490.64,1989.36) DFF Error: Sliver on Bottom
(1546.29,2711.53) DFF Error: Sliver on Bottom
(1151.12,88.65) DFF Error: Layer Compare Error on Silkscreen Top
(1056.94,69.58) DFF Error: Sliver on Solder Mask Top
(936,76) DFF Error: Sliver on Solder Mask Bottom
(981.96,68.47) DFF Error: Sliver on Solder Mask Bottom
(1047.44,121.93) DFF Error: Sliver on Solder Mask Bottom
