`<000>
-----------------
Loading PCB file 'C:\PADS Projects\Q10B-v2.2.3.pcb'...
PCB file loaded -- `DESIGN[C:\PADS Projects\Q10B-v2.2.3.pcb][C:\PADS Projects\Q10B-v2.2.3.pcb] -- version 9.4.0
Integrity Test in progress...
	No database integrity problems found
... Integrity test report saved -- `FILE[C:\PADS Projects\TestIntegrity.txt][C:\PADS Projects\TestIntegrity.txt]
Unroute in progress...
...Unroute finished.
Warning: insufficient space for via.
-----------------
Saving PCB file 'C:\PADS Projects\Q10B-v2.2.3.pcb'...
PCB file saved -- `DESIGN[C:\PADS Projects\Q10B-v2.2.3.pcb][C:\PADS Projects\Q10B-v2.2.3.pcb]
-----------------
Loading PCB file 'C:\PADS Projects\Q10B-v2.2.3.pcb'...
PCB file loaded -- `DESIGN[C:\PADS Projects\Q10B-v2.2.3.pcb][C:\PADS Projects\Q10B-v2.2.3.pcb] -- version 9.4.0
Integrity Test in progress...
	No database integrity problems found
... Integrity test report saved -- `FILE[C:\PADS Projects\TestIntegrity.txt][C:\PADS Projects\TestIntegrity.txt]
-----------------
Batch Router Statistics

Pre-routing analysis in progress...
Pre-routing analysis finished.

Switching to Pour Outline mode...
Switching finished.
Use PADS Layout to reflood copper pour and reconnect Split Planes.
Done> Unroutes 45  Routed 1294 of 1339 (96.6%)  Vias 843  Duration 00:00:00
-----------------
-----------------
Saving PCB file 'C:\PADS Projects\Q10B-v2.2.3.pcb'...
PCB file saved -- `DESIGN[C:\PADS Projects\Q10B-v2.2.3.pcb][C:\PADS Projects\Q10B-v2.2.3.pcb]
-----------------
Loading PCB file 'C:\PADS Projects\Q10B-v2.2.3.pcb'...
PCB file loaded -- `DESIGN[C:\PADS Projects\Q10B-v2.2.3.pcb][C:\PADS Projects\Q10B-v2.2.3.pcb] -- version 9.4.0
Integrity Test in progress...
	No database integrity problems found
... Integrity test report saved -- `FILE[C:\PADS Projects\TestIntegrity.txt][C:\PADS Projects\TestIntegrity.txt]
-----------------
Loading PCB file 'C:\PADS Projects\Q10B-v2.2.3.pcb'...
PCB file loaded -- `DESIGN[C:\PADS Projects\Q10B-v2.2.3.pcb][C:\PADS Projects\Q10B-v2.2.3.pcb] -- version 9.4.0
Integrity Test in progress...
	No database integrity problems found
... Integrity test report saved -- `FILE[C:\PADS Projects\TestIntegrity.txt][C:\PADS Projects\TestIntegrity.txt]
Switching to Pour Outline mode...
Switching finished.
Use PADS Layout to reflood copper pour and reconnect Split Planes.
-----------------
Loading PCB file 'C:\PADS Projects\Q10B-v2.2.3.pcb'...
PCB file loaded -- `DESIGN[C:\PADS Projects\Q10B-v2.2.3.pcb][C:\PADS Projects\Q10B-v2.2.3.pcb] -- version 9.4.0
Integrity Test in progress...
	No database integrity problems found
... Integrity test report saved -- `FILE[C:\PADS Projects\TestIntegrity.txt][C:\PADS Projects\TestIntegrity.txt]
Switching to Pour Outline mode...
Switching finished.
Use PADS Layout to reflood copper pour and reconnect Split Planes.
Warning: insufficient space for via.
Switching to Pour Outline mode...
Switching finished.
Use PADS Layout to reflood copper pour and reconnect Split Planes.
Interactive Route: Cannot start routing from (V) HS-ROUTING2 (10), current layer restricted for Net (or Pin Pair): SEL0; 
-----------------
Loading PCB file 'C:\PADS Projects\Q10B-v2.2.3.pcb'...
PCB file loaded -- `DESIGN[C:\PADS Projects\Q10B-v2.2.3.pcb][C:\PADS Projects\Q10B-v2.2.3.pcb] -- version 9.4.0
Integrity Test in progress...
	No database integrity problems found
... Integrity test report saved -- `FILE[C:\PADS Projects\TestIntegrity.txt][C:\PADS Projects\TestIntegrity.txt]
Interactive Route: Cannot start routing from (V) HS-GND1 (2), current layer restricted for Net (or Pin Pair): 3V3_USB; 
Interactive Route: Cannot start routing from (V) HS-GND1 (2), current layer restricted for Net (or Pin Pair): 3V3_USB; 
Warning: Plow failed - insufficient space for plowing operation.
-----------------
Batch Router Statistics

Pre-routing analysis in progress...
Pre-routing analysis finished.

Done> Unroutes 43  Routed 1296 of 1339 (96.8%)  Vias 844  Duration 00:00:01
-----------------
Delete in progress...
...Delete finished.
Unroute in progress...
...Unroute finished.
Unroute in progress...
...Unroute finished.
-----------------
Loading PCB file 'C:\PADS Projects\Q10B-v2.2.3.pcb'...
PCB file loaded -- `DESIGN[C:\PADS Projects\Q10B-v2.2.3.pcb][C:\PADS Projects\Q10B-v2.2.3.pcb] -- version 9.4.0
Integrity Test in progress...
	No database integrity problems found
... Integrity test report saved -- `FILE[C:\PADS Projects\TestIntegrity.txt][C:\PADS Projects\TestIntegrity.txt]
Cannot remove loop.
Cannot remove loop.
Cannot remove loop.
Cannot remove loop.
Cannot remove loop.
Cannot remove loop.
Cannot remove loop.
Cannot remove loop.
